This is pdfTeX, Version 3.14159265-2.6-1.40.19 (TeX Live 2018) (preloaded format=pdflatex 2018.4.16)  13 NOV 2020 16:58
entering extended mode
 restricted \write18 enabled.
 %&-line parsing enabled.
**_main.tex
(./_main.tex
LaTeX2e <2018-04-01> patch level 2
Babel <3.18> and hyphenation patterns for 84 language(s) loaded.
(/usr/local/texlive/2018/texmf-dist/tex/latex/base/book.cls
Document Class: book 2014/09/29 v1.4h Standard LaTeX document class
(/usr/local/texlive/2018/texmf-dist/tex/latex/base/bk10.clo
File: bk10.clo 2014/09/29 v1.4h Standard LaTeX file (size option)
)
\c@part=\count80
\c@chapter=\count81
\c@section=\count82
\c@subsection=\count83
\c@subsubsection=\count84
\c@paragraph=\count85
\c@subparagraph=\count86
\c@figure=\count87
\c@table=\count88
\abovecaptionskip=\skip41
\belowcaptionskip=\skip42
\bibindent=\dimen102
) (/usr/local/texlive/2018/texmf-dist/tex/latex/lm/lmodern.sty
Package: lmodern 2009/10/30 v1.6 Latin Modern Fonts
LaTeX Font Info:    Overwriting symbol font `operators' in version `normal'
(Font)                  OT1/cmr/m/n --> OT1/lmr/m/n on input line 22.
LaTeX Font Info:    Overwriting symbol font `letters' in version `normal'
(Font)                  OML/cmm/m/it --> OML/lmm/m/it on input line 23.
LaTeX Font Info:    Overwriting symbol font `symbols' in version `normal'
(Font)                  OMS/cmsy/m/n --> OMS/lmsy/m/n on input line 24.
LaTeX Font Info:    Overwriting symbol font `largesymbols' in version `normal'
(Font)                  OMX/cmex/m/n --> OMX/lmex/m/n on input line 25.
LaTeX Font Info:    Overwriting symbol font `operators' in version `bold'
(Font)                  OT1/cmr/bx/n --> OT1/lmr/bx/n on input line 26.
LaTeX Font Info:    Overwriting symbol font `letters' in version `bold'
(Font)                  OML/cmm/b/it --> OML/lmm/b/it on input line 27.
LaTeX Font Info:    Overwriting symbol font `symbols' in version `bold'
(Font)                  OMS/cmsy/b/n --> OMS/lmsy/b/n on input line 28.
LaTeX Font Info:    Overwriting symbol font `largesymbols' in version `bold'
(Font)                  OMX/cmex/m/n --> OMX/lmex/m/n on input line 29.
LaTeX Font Info:    Overwriting math alphabet `\mathbf' in version `normal'
(Font)                  OT1/cmr/bx/n --> OT1/lmr/bx/n on input line 31.
LaTeX Font Info:    Overwriting math alphabet `\mathsf' in version `normal'
(Font)                  OT1/cmss/m/n --> OT1/lmss/m/n on input line 32.
LaTeX Font Info:    Overwriting math alphabet `\mathit' in version `normal'
(Font)                  OT1/cmr/m/it --> OT1/lmr/m/it on input line 33.
LaTeX Font Info:    Overwriting math alphabet `\mathtt' in version `normal'
(Font)                  OT1/cmtt/m/n --> OT1/lmtt/m/n on input line 34.
LaTeX Font Info:    Overwriting math alphabet `\mathbf' in version `bold'
(Font)                  OT1/cmr/bx/n --> OT1/lmr/bx/n on input line 35.
LaTeX Font Info:    Overwriting math alphabet `\mathsf' in version `bold'
(Font)                  OT1/cmss/bx/n --> OT1/lmss/bx/n on input line 36.
LaTeX Font Info:    Overwriting math alphabet `\mathit' in version `bold'
(Font)                  OT1/cmr/bx/it --> OT1/lmr/bx/it on input line 37.
LaTeX Font Info:    Overwriting math alphabet `\mathtt' in version `bold'
(Font)                  OT1/cmtt/m/n --> OT1/lmtt/m/n on input line 38.
) (/usr/local/texlive/2018/texmf-dist/tex/latex/amsfonts/amssymb.sty
Package: amssymb 2013/01/14 v3.01 AMS font symbols
(/usr/local/texlive/2018/texmf-dist/tex/latex/amsfonts/amsfonts.sty
Package: amsfonts 2013/01/14 v3.01 Basic AMSFonts support
\@emptytoks=\toks14
\symAMSa=\mathgroup4
\symAMSb=\mathgroup5
LaTeX Font Info:    Overwriting math alphabet `\mathfrak' in version `bold'
(Font)                  U/euf/m/n --> U/euf/b/n on input line 106.
)) (/usr/local/texlive/2018/texmf-dist/tex/latex/amsmath/amsmath.sty
Package: amsmath 2017/09/02 v2.17a AMS math features
\@mathmargin=\skip43
For additional information on amsmath, use the `?' option.
(/usr/local/texlive/2018/texmf-dist/tex/latex/amsmath/amstext.sty
Package: amstext 2000/06/29 v2.01 AMS text
(/usr/local/texlive/2018/texmf-dist/tex/latex/amsmath/amsgen.sty
File: amsgen.sty 1999/11/30 v2.0 generic functions
\@emptytoks=\toks15
\ex@=\dimen103
)) (/usr/local/texlive/2018/texmf-dist/tex/latex/amsmath/amsbsy.sty
Package: amsbsy 1999/11/29 v1.2d Bold Symbols
\pmbraise@=\dimen104
) (/usr/local/texlive/2018/texmf-dist/tex/latex/amsmath/amsopn.sty
Package: amsopn 2016/03/08 v2.02 operator names
)
\inf@bad=\count89
LaTeX Info: Redefining \frac on input line 213.
\uproot@=\count90
\leftroot@=\count91
LaTeX Info: Redefining \overline on input line 375.
\classnum@=\count92
\DOTSCASE@=\count93
LaTeX Info: Redefining \ldots on input line 472.
LaTeX Info: Redefining \dots on input line 475.
LaTeX Info: Redefining \cdots on input line 596.
\Mathstrutbox@=\box26
\strutbox@=\box27
\big@size=\dimen105
LaTeX Font Info:    Redeclaring font encoding OML on input line 712.
LaTeX Font Info:    Redeclaring font encoding OMS on input line 713.
\macc@depth=\count94
\c@MaxMatrixCols=\count95
\dotsspace@=\muskip10
\c@parentequation=\count96
\dspbrk@lvl=\count97
\tag@help=\toks16
\row@=\count98
\column@=\count99
\maxfields@=\count100
\andhelp@=\toks17
\eqnshift@=\dimen106
\alignsep@=\dimen107
\tagshift@=\dimen108
\tagwidth@=\dimen109
\totwidth@=\dimen110
\lineht@=\dimen111
\@envbody=\toks18
\multlinegap=\skip44
\multlinetaggap=\skip45
\mathdisplay@stack=\toks19
LaTeX Info: Redefining \[ on input line 2817.
LaTeX Info: Redefining \] on input line 2818.
) (/usr/local/texlive/2018/texmf-dist/tex/generic/ifxetex/ifxetex.sty
Package: ifxetex 2010/09/12 v0.6 Provides ifxetex conditional
) (/usr/local/texlive/2018/texmf-dist/tex/generic/oberdiek/ifluatex.sty
Package: ifluatex 2016/05/16 v1.4 Provides the ifluatex switch (HO)
Package ifluatex Info: LuaTeX not detected.
) (/usr/local/texlive/2018/texmf-dist/tex/latex/base/fontenc.sty
Package: fontenc 2017/04/05 v2.0i Standard LaTeX package
(/usr/local/texlive/2018/texmf-dist/tex/latex/base/t1enc.def
File: t1enc.def 2017/04/05 v2.0i Standard LaTeX file
LaTeX Font Info:    Redeclaring font encoding T1 on input line 48.
)) (/usr/local/texlive/2018/texmf-dist/tex/latex/base/inputenc.sty
Package: inputenc 2018/04/06 v1.3b Input encoding file
\inpenc@prehook=\toks20
\inpenc@posthook=\toks21
) (/usr/local/texlive/2018/texmf-dist/tex/latex/base/textcomp.sty
Package: textcomp 2017/04/05 v2.0i Standard LaTeX package
Package textcomp Info: Sub-encoding information:
(textcomp)               5 = only ISO-Adobe without \textcurrency
(textcomp)               4 = 5 + \texteuro
(textcomp)               3 = 4 + \textohm
(textcomp)               2 = 3 + \textestimated + \textcurrency
(textcomp)               1 = TS1 - \textcircled - \t
(textcomp)               0 = TS1 (full)
(textcomp)             Font families with sub-encoding setting implement
(textcomp)             only a restricted character set as indicated.
(textcomp)             Family '?' is the default used for unknown fonts.
(textcomp)             See the documentation for details.
Package textcomp Info: Setting ? sub-encoding to TS1/1 on input line 79.
(/usr/local/texlive/2018/texmf-dist/tex/latex/base/ts1enc.def
File: ts1enc.def 2001/06/05 v3.0e (jk/car/fm) Standard LaTeX file
Now handling font encoding TS1 ...
... processing UTF-8 mapping file for font encoding TS1
(/usr/local/texlive/2018/texmf-dist/tex/latex/base/ts1enc.dfu
File: ts1enc.dfu 2018/04/05 v1.2c UTF-8 support for inputenc
   defining Unicode char U+00A2 (decimal 162)
   defining Unicode char U+00A3 (decimal 163)
   defining Unicode char U+00A4 (decimal 164)
   defining Unicode char U+00A5 (decimal 165)
   defining Unicode char U+00A6 (decimal 166)
   defining Unicode char U+00A7 (decimal 167)
   defining Unicode char U+00A8 (decimal 168)
   defining Unicode char U+00A9 (decimal 169)
   defining Unicode char U+00AA (decimal 170)
   defining Unicode char U+00AC (decimal 172)
   defining Unicode char U+00AE (decimal 174)
   defining Unicode char U+00AF (decimal 175)
   defining Unicode char U+00B0 (decimal 176)
   defining Unicode char U+00B1 (decimal 177)
   defining Unicode char U+00B2 (decimal 178)
   defining Unicode char U+00B3 (decimal 179)
   defining Unicode char U+00B4 (decimal 180)
   defining Unicode char U+00B5 (decimal 181)
   defining Unicode char U+00B6 (decimal 182)
   defining Unicode char U+00B7 (decimal 183)
   defining Unicode char U+00B9 (decimal 185)
   defining Unicode char U+00BA (decimal 186)
   defining Unicode char U+00BC (decimal 188)
   defining Unicode char U+00BD (decimal 189)
   defining Unicode char U+00BE (decimal 190)
   defining Unicode char U+00D7 (decimal 215)
   defining Unicode char U+00F7 (decimal 247)
   defining Unicode char U+0192 (decimal 402)
   defining Unicode char U+02C7 (decimal 711)
   defining Unicode char U+02D8 (decimal 728)
   defining Unicode char U+02DD (decimal 733)
   defining Unicode char U+0E3F (decimal 3647)
   defining Unicode char U+2016 (decimal 8214)
   defining Unicode char U+2020 (decimal 8224)
   defining Unicode char U+2021 (decimal 8225)
   defining Unicode char U+2022 (decimal 8226)
   defining Unicode char U+2030 (decimal 8240)
   defining Unicode char U+2031 (decimal 8241)
   defining Unicode char U+203B (decimal 8251)
   defining Unicode char U+203D (decimal 8253)
   defining Unicode char U+2044 (decimal 8260)
   defining Unicode char U+204E (decimal 8270)
   defining Unicode char U+2052 (decimal 8274)
   defining Unicode char U+20A1 (decimal 8353)
   defining Unicode char U+20A4 (decimal 8356)
   defining Unicode char U+20A6 (decimal 8358)
   defining Unicode char U+20A9 (decimal 8361)
   defining Unicode char U+20AB (decimal 8363)
   defining Unicode char U+20AC (decimal 8364)
   defining Unicode char U+20B1 (decimal 8369)
   defining Unicode char U+2103 (decimal 8451)
   defining Unicode char U+2116 (decimal 8470)
   defining Unicode char U+2117 (decimal 8471)
   defining Unicode char U+211E (decimal 8478)
   defining Unicode char U+2120 (decimal 8480)
   defining Unicode char U+2122 (decimal 8482)
   defining Unicode char U+2126 (decimal 8486)
   defining Unicode char U+2127 (decimal 8487)
   defining Unicode char U+212E (decimal 8494)
   defining Unicode char U+2190 (decimal 8592)
   defining Unicode char U+2191 (decimal 8593)
   defining Unicode char U+2192 (decimal 8594)
   defining Unicode char U+2193 (decimal 8595)
   defining Unicode char U+2329 (decimal 9001)
   defining Unicode char U+232A (decimal 9002)
   defining Unicode char U+2422 (decimal 9250)
   defining Unicode char U+25E6 (decimal 9702)
   defining Unicode char U+25EF (decimal 9711)
   defining Unicode char U+266A (decimal 9834)
   defining Unicode char U+FEFF (decimal 65279)
))
LaTeX Info: Redefining \oldstylenums on input line 334.
Package textcomp Info: Setting cmr sub-encoding to TS1/0 on input line 349.
Package textcomp Info: Setting cmss sub-encoding to TS1/0 on input line 350.
Package textcomp Info: Setting cmtt sub-encoding to TS1/0 on input line 351.
Package textcomp Info: Setting cmvtt sub-encoding to TS1/0 on input line 352.
Package textcomp Info: Setting cmbr sub-encoding to TS1/0 on input line 353.
Package textcomp Info: Setting cmtl sub-encoding to TS1/0 on input line 354.
Package textcomp Info: Setting ccr sub-encoding to TS1/0 on input line 355.
Package textcomp Info: Setting ptm sub-encoding to TS1/4 on input line 356.
Package textcomp Info: Setting pcr sub-encoding to TS1/4 on input line 357.
Package textcomp Info: Setting phv sub-encoding to TS1/4 on input line 358.
Package textcomp Info: Setting ppl sub-encoding to TS1/3 on input line 359.
Package textcomp Info: Setting pag sub-encoding to TS1/4 on input line 360.
Package textcomp Info: Setting pbk sub-encoding to TS1/4 on input line 361.
Package textcomp Info: Setting pnc sub-encoding to TS1/4 on input line 362.
Package textcomp Info: Setting pzc sub-encoding to TS1/4 on input line 363.
Package textcomp Info: Setting bch sub-encoding to TS1/4 on input line 364.
Package textcomp Info: Setting put sub-encoding to TS1/5 on input line 365.
Package textcomp Info: Setting uag sub-encoding to TS1/5 on input line 366.
Package textcomp Info: Setting ugq sub-encoding to TS1/5 on input line 367.
Package textcomp Info: Setting ul8 sub-encoding to TS1/4 on input line 368.
Package textcomp Info: Setting ul9 sub-encoding to TS1/4 on input line 369.
Package textcomp Info: Setting augie sub-encoding to TS1/5 on input line 370.
Package textcomp Info: Setting dayrom sub-encoding to TS1/3 on input line 371.
Package textcomp Info: Setting dayroms sub-encoding to TS1/3 on input line 372.

Package textcomp Info: Setting pxr sub-encoding to TS1/0 on input line 373.
Package textcomp Info: Setting pxss sub-encoding to TS1/0 on input line 374.
Package textcomp Info: Setting pxtt sub-encoding to TS1/0 on input line 375.
Package textcomp Info: Setting txr sub-encoding to TS1/0 on input line 376.
Package textcomp Info: Setting txss sub-encoding to TS1/0 on input line 377.
Package textcomp Info: Setting txtt sub-encoding to TS1/0 on input line 378.
Package textcomp Info: Setting lmr sub-encoding to TS1/0 on input line 379.
Package textcomp Info: Setting lmdh sub-encoding to TS1/0 on input line 380.
Package textcomp Info: Setting lmss sub-encoding to TS1/0 on input line 381.
Package textcomp Info: Setting lmssq sub-encoding to TS1/0 on input line 382.
Package textcomp Info: Setting lmvtt sub-encoding to TS1/0 on input line 383.
Package textcomp Info: Setting lmtt sub-encoding to TS1/0 on input line 384.
Package textcomp Info: Setting qhv sub-encoding to TS1/0 on input line 385.
Package textcomp Info: Setting qag sub-encoding to TS1/0 on input line 386.
Package textcomp Info: Setting qbk sub-encoding to TS1/0 on input line 387.
Package textcomp Info: Setting qcr sub-encoding to TS1/0 on input line 388.
Package textcomp Info: Setting qcs sub-encoding to TS1/0 on input line 389.
Package textcomp Info: Setting qpl sub-encoding to TS1/0 on input line 390.
Package textcomp Info: Setting qtm sub-encoding to TS1/0 on input line 391.
Package textcomp Info: Setting qzc sub-encoding to TS1/0 on input line 392.
Package textcomp Info: Setting qhvc sub-encoding to TS1/0 on input line 393.
Package textcomp Info: Setting futs sub-encoding to TS1/4 on input line 394.
Package textcomp Info: Setting futx sub-encoding to TS1/4 on input line 395.
Package textcomp Info: Setting futj sub-encoding to TS1/4 on input line 396.
Package textcomp Info: Setting hlh sub-encoding to TS1/3 on input line 397.
Package textcomp Info: Setting hls sub-encoding to TS1/3 on input line 398.
Package textcomp Info: Setting hlst sub-encoding to TS1/3 on input line 399.
Package textcomp Info: Setting hlct sub-encoding to TS1/5 on input line 400.
Package textcomp Info: Setting hlx sub-encoding to TS1/5 on input line 401.
Package textcomp Info: Setting hlce sub-encoding to TS1/5 on input line 402.
Package textcomp Info: Setting hlcn sub-encoding to TS1/5 on input line 403.
Package textcomp Info: Setting hlcw sub-encoding to TS1/5 on input line 404.
Package textcomp Info: Setting hlcf sub-encoding to TS1/5 on input line 405.
Package textcomp Info: Setting pplx sub-encoding to TS1/3 on input line 406.
Package textcomp Info: Setting pplj sub-encoding to TS1/3 on input line 407.
Package textcomp Info: Setting ptmx sub-encoding to TS1/4 on input line 408.
Package textcomp Info: Setting ptmj sub-encoding to TS1/4 on input line 409.
) (/usr/local/texlive/2018/texmf-dist/tex/latex/upquote/upquote.sty
Package: upquote 2012/04/19 v1.3 upright-quote and grave-accent glyphs in verba
tim
) (/usr/local/texlive/2018/texmf-dist/tex/latex/microtype/microtype.sty
Package: microtype 2018/01/14 v2.7a Micro-typographical refinements (RS)
(/usr/local/texlive/2018/texmf-dist/tex/latex/graphics/keyval.sty
Package: keyval 2014/10/28 v1.15 key=value parser (DPC)
\KV@toks@=\toks22
)
\MT@toks=\toks23
\MT@count=\count101
LaTeX Info: Redefining \textls on input line 793.
\MT@outer@kern=\dimen112
LaTeX Info: Redefining \textmicrotypecontext on input line 1339.
\MT@listname@count=\count102
(/usr/local/texlive/2018/texmf-dist/tex/latex/microtype/microtype-pdftex.def
File: microtype-pdftex.def 2018/01/14 v2.7a Definitions specific to pdftex (RS)

LaTeX Info: Redefining \lsstyle on input line 913.
LaTeX Info: Redefining \lslig on input line 913.
\MT@outer@space=\skip46
)
Package microtype Info: Loading configuration file microtype.cfg.
(/usr/local/texlive/2018/texmf-dist/tex/latex/microtype/microtype.cfg
File: microtype.cfg 2018/01/14 v2.7a microtype main configuration file (RS)
)) (/usr/local/texlive/2018/texmf-dist/tex/latex/parskip/parskip.sty
Package: parskip 2001/04/09 non-zero parskip adjustments
) (/usr/local/texlive/2018/texmf-dist/tex/latex/xcolor/xcolor.sty
Package: xcolor 2016/05/11 v2.12 LaTeX color extensions (UK)
(/usr/local/texlive/2018/texmf-dist/tex/latex/graphics-cfg/color.cfg
File: color.cfg 2016/01/02 v1.6 sample color configuration
)
Package xcolor Info: Driver file: pdftex.def on input line 225.
(/usr/local/texlive/2018/texmf-dist/tex/latex/graphics-def/pdftex.def
File: pdftex.def 2018/01/08 v1.0l Graphics/color driver for pdftex
)
Package xcolor Info: Model `cmy' substituted by `cmy0' on input line 1348.
Package xcolor Info: Model `hsb' substituted by `rgb' on input line 1352.
Package xcolor Info: Model `RGB' extended on input line 1364.
Package xcolor Info: Model `HTML' substituted by `rgb' on input line 1366.
Package xcolor Info: Model `Hsb' substituted by `hsb' on input line 1367.
Package xcolor Info: Model `tHsb' substituted by `hsb' on input line 1368.
Package xcolor Info: Model `HSB' substituted by `hsb' on input line 1369.
Package xcolor Info: Model `Gray' substituted by `gray' on input line 1370.
Package xcolor Info: Model `wave' substituted by `hsb' on input line 1371.
) (/usr/local/texlive/2018/texmf-dist/tex/latex/xurl/xurl.sty
Package: xurl 2018/01/09 v 0.03 modify URL breaks
(/usr/local/texlive/2018/texmf-dist/tex/latex/url/url.sty
\Urlmuskip=\muskip11
Package: url 2013/09/16  ver 3.4  Verb mode for urls, etc.
)) (/usr/local/texlive/2018/texmf-dist/tex/latex/oberdiek/bookmark.sty
Package: bookmark 2016/05/17 v1.26 PDF bookmarks (HO)
(/usr/local/texlive/2018/texmf-dist/tex/generic/oberdiek/pdfescape.sty
Package: pdfescape 2016/05/16 v1.14 Implements pdfTeX's escape features (HO)
(/usr/local/texlive/2018/texmf-dist/tex/generic/oberdiek/ltxcmds.sty
Package: ltxcmds 2016/05/16 v1.23 LaTeX kernel commands for general use (HO)
) (/usr/local/texlive/2018/texmf-dist/tex/generic/oberdiek/pdftexcmds.sty
Package: pdftexcmds 2018/01/30 v0.27 Utility functions of pdfTeX for LuaTeX (HO
)
(/usr/local/texlive/2018/texmf-dist/tex/generic/oberdiek/infwarerr.sty
Package: infwarerr 2016/05/16 v1.4 Providing info/warning/error messages (HO)
) (/usr/local/texlive/2018/texmf-dist/tex/generic/oberdiek/ifpdf.sty
Package: ifpdf 2017/03/15 v3.2 Provides the ifpdf switch
)
Package pdftexcmds Info: LuaTeX not detected.
Package pdftexcmds Info: \pdf@primitive is available.
Package pdftexcmds Info: \pdf@ifprimitive is available.
Package pdftexcmds Info: \pdfdraftmode found.
)) (/usr/local/texlive/2018/texmf-dist/tex/generic/oberdiek/ifvtex.sty
Package: ifvtex 2016/05/16 v1.6 Detect VTeX and its facilities (HO)
Package ifvtex Info: VTeX not detected.
) (/usr/local/texlive/2018/texmf-dist/tex/latex/hyperref/hyperref.sty
Package: hyperref 2018/02/06 v6.86b Hypertext links for LaTeX
(/usr/local/texlive/2018/texmf-dist/tex/generic/oberdiek/hobsub-hyperref.sty
Package: hobsub-hyperref 2016/05/16 v1.14 Bundle oberdiek, subset hyperref (HO)

(/usr/local/texlive/2018/texmf-dist/tex/generic/oberdiek/hobsub-generic.sty
Package: hobsub-generic 2016/05/16 v1.14 Bundle oberdiek, subset generic (HO)
Package: hobsub 2016/05/16 v1.14 Construct package bundles (HO)
Package hobsub Info: Skipping package `infwarerr' (already loaded).
Package hobsub Info: Skipping package `ltxcmds' (already loaded).
Package hobsub Info: Skipping package `ifluatex' (already loaded).
Package hobsub Info: Skipping package `ifvtex' (already loaded).
Package: intcalc 2016/05/16 v1.2 Expandable calculations with integers (HO)
Package hobsub Info: Skipping package `ifpdf' (already loaded).
Package: etexcmds 2016/05/16 v1.6 Avoid name clashes with e-TeX commands (HO)
Package etexcmds Info: Could not find \expanded.
(etexcmds)             That can mean that you are not using pdfTeX 1.50 or
(etexcmds)             that some package has redefined \expanded.
(etexcmds)             In the latter case, load this package earlier.
Package: kvsetkeys 2016/05/16 v1.17 Key value parser (HO)
Package: kvdefinekeys 2016/05/16 v1.4 Define keys (HO)
Package hobsub Info: Skipping package `pdftexcmds' (already loaded).
Package hobsub Info: Skipping package `pdfescape' (already loaded).
Package: bigintcalc 2016/05/16 v1.4 Expandable calculations on big integers (HO
)
Package: bitset 2016/05/16 v1.2 Handle bit-vector datatype (HO)
Package: uniquecounter 2016/05/16 v1.3 Provide unlimited unique counter (HO)
)
Package hobsub Info: Skipping package `hobsub' (already loaded).
Package: letltxmacro 2016/05/16 v1.5 Let assignment for LaTeX macros (HO)
Package: hopatch 2016/05/16 v1.3 Wrapper for package hooks (HO)
Package: xcolor-patch 2016/05/16 xcolor patch
Package: atveryend 2016/05/16 v1.9 Hooks at the very end of document (HO)
Package atveryend Info: \enddocument detected (standard20110627).
Package: atbegshi 2016/06/09 v1.18 At begin shipout hook (HO)
Package: refcount 2016/05/16 v3.5 Data extraction from label references (HO)
Package: hycolor 2016/05/16 v1.8 Color options for hyperref/bookmark (HO)
) (/usr/local/texlive/2018/texmf-dist/tex/latex/oberdiek/auxhook.sty
Package: auxhook 2016/05/16 v1.4 Hooks for auxiliary files (HO)
) (/usr/local/texlive/2018/texmf-dist/tex/latex/oberdiek/kvoptions.sty
Package: kvoptions 2016/05/16 v3.12 Key value format for package options (HO)
)
\@linkdim=\dimen113
\Hy@linkcounter=\count103
\Hy@pagecounter=\count104
(/usr/local/texlive/2018/texmf-dist/tex/latex/hyperref/pd1enc.def
File: pd1enc.def 2018/02/06 v6.86b Hyperref: PDFDocEncoding definition (HO)
Now handling font encoding PD1 ...
... no UTF-8 mapping file for font encoding PD1
)
\Hy@SavedSpaceFactor=\count105
(/usr/local/texlive/2018/texmf-dist/tex/latex/latexconfig/hyperref.cfg
File: hyperref.cfg 2002/06/06 v1.2 hyperref configuration of TeXLive
)
Package hyperref Info: Option `unicode' set `true' on input line 4383.
(/usr/local/texlive/2018/texmf-dist/tex/latex/hyperref/puenc.def
File: puenc.def 2018/02/06 v6.86b Hyperref: PDF Unicode definition (HO)
Now handling font encoding PU ...
... no UTF-8 mapping file for font encoding PU
)
Package hyperref Info: Hyper figures OFF on input line 4509.
Package hyperref Info: Link nesting OFF on input line 4514.
Package hyperref Info: Hyper index ON on input line 4517.
Package hyperref Info: Plain pages OFF on input line 4524.
Package hyperref Info: Backreferencing OFF on input line 4529.
Package hyperref Info: Implicit mode ON; LaTeX internals redefined.
Package hyperref Info: Bookmarks ON on input line 4762.
\c@Hy@tempcnt=\count106
LaTeX Info: Redefining \url on input line 5115.
\XeTeXLinkMargin=\dimen114
\Fld@menulength=\count107
\Field@Width=\dimen115
\Fld@charsize=\dimen116
Package hyperref Info: Hyper figures OFF on input line 6369.
Package hyperref Info: Link nesting OFF on input line 6374.
Package hyperref Info: Hyper index ON on input line 6377.
Package hyperref Info: backreferencing OFF on input line 6384.
Package hyperref Info: Link coloring OFF on input line 6389.
Package hyperref Info: Link coloring with OCG OFF on input line 6394.
Package hyperref Info: PDF/A mode OFF on input line 6399.
LaTeX Info: Redefining \ref on input line 6439.
LaTeX Info: Redefining \pageref on input line 6443.
\Hy@abspage=\count108
\c@Item=\count109
\c@Hfootnote=\count110
)
Package hyperref Info: Driver (autodetected): hpdftex.
(/usr/local/texlive/2018/texmf-dist/tex/latex/hyperref/hpdftex.def
File: hpdftex.def 2018/02/06 v6.86b Hyperref driver for pdfTeX
\Fld@listcount=\count111
\c@bookmark@seq@number=\count112
(/usr/local/texlive/2018/texmf-dist/tex/latex/oberdiek/rerunfilecheck.sty
Package: rerunfilecheck 2016/05/16 v1.8 Rerun checks for auxiliary files (HO)
Package uniquecounter Info: New unique counter `rerunfilecheck' on input line 2
82.
)
\Hy@SectionHShift=\skip47
) (/usr/local/texlive/2018/texmf-dist/tex/latex/oberdiek/bkm-pdftex.def
File: bkm-pdftex.def 2016/05/17 v1.26 bookmark driver for pdfTeX (HO)
\BKM@id=\count113
)) (/usr/local/texlive/2018/texmf-dist/tex/latex/geometry/geometry.sty
Package: geometry 2018/03/24 v5.7 Page Geometry
\Gm@cnth=\count114
\Gm@cntv=\count115
\c@Gm@tempcnt=\count116
\Gm@bindingoffset=\dimen117
\Gm@wd@mp=\dimen118
\Gm@odd@mp=\dimen119
\Gm@even@mp=\dimen120
\Gm@layoutwidth=\dimen121
\Gm@layoutheight=\dimen122
\Gm@layouthoffset=\dimen123
\Gm@layoutvoffset=\dimen124
\Gm@dimlist=\toks24
) (/usr/local/texlive/2018/texmf-dist/tex/latex/tools/longtable.sty
Package: longtable 2014/10/28 v4.11 Multi-page Table package (DPC)
\LTleft=\skip48
\LTright=\skip49
\LTpre=\skip50
\LTpost=\skip51
\LTchunksize=\count117
\LTcapwidth=\dimen125
\LT@head=\box28
\LT@firsthead=\box29
\LT@foot=\box30
\LT@lastfoot=\box31
\LT@cols=\count118
\LT@rows=\count119
\c@LT@tables=\count120
\c@LT@chunks=\count121
\LT@p@ftn=\toks25
) (/usr/local/texlive/2018/texmf-dist/tex/latex/booktabs/booktabs.sty
Package: booktabs 2016/04/27 v1.618033 publication quality tables
\heavyrulewidth=\dimen126
\lightrulewidth=\dimen127
\cmidrulewidth=\dimen128
\belowrulesep=\dimen129
\belowbottomsep=\dimen130
\aboverulesep=\dimen131
\abovetopsep=\dimen132
\cmidrulesep=\dimen133
\cmidrulekern=\dimen134
\defaultaddspace=\dimen135
\@cmidla=\count122
\@cmidlb=\count123
\@aboverulesep=\dimen136
\@belowrulesep=\dimen137
\@thisruleclass=\count124
\@lastruleclass=\count125
\@thisrulewidth=\dimen138
) (/usr/local/texlive/2018/texmf-dist/tex/latex/etoolbox/etoolbox.sty
Package: etoolbox 2018/02/11 v2.5e e-TeX tools for LaTeX (JAW)
\etb@tempcnta=\count126
) (/usr/local/texlive/2018/texmf-dist/tex/latex/footnotehyper/footnotehyper.sty
Package: footnotehyper 2018/01/23 v1.1 hyperref aware footnote.sty (JFB)
\FNH@notes=\box32
\FNH@width=\dimen139
) (/usr/local/texlive/2018/texmf-dist/tex/latex/graphics/graphicx.sty
Package: graphicx 2017/06/01 v1.1a Enhanced LaTeX Graphics (DPC,SPQR)
(/usr/local/texlive/2018/texmf-dist/tex/latex/graphics/graphics.sty
Package: graphics 2017/06/25 v1.2c Standard LaTeX Graphics (DPC,SPQR)
(/usr/local/texlive/2018/texmf-dist/tex/latex/graphics/trig.sty
Package: trig 2016/01/03 v1.10 sin cos tan (DPC)
) (/usr/local/texlive/2018/texmf-dist/tex/latex/graphics-cfg/graphics.cfg
File: graphics.cfg 2016/06/04 v1.11 sample graphics configuration
)
Package graphics Info: Driver file: pdftex.def on input line 99.
)
\Gin@req@height=\dimen140
\Gin@req@width=\dimen141
) (/usr/local/texlive/2018/texmf-dist/tex/latex/base/fontenc.sty
Package: fontenc 2017/04/05 v2.0i Standard LaTeX package
(/usr/local/texlive/2018/texmf-dist/tex/latex/base/t1enc.def
File: t1enc.def 2017/04/05 v2.0i Standard LaTeX file
LaTeX Font Info:    Redeclaring font encoding T1 on input line 48.
)) (/usr/local/texlive/2018/texmf-dist/tex/generic/babel/babel.sty
Package: babel 2018/02/14 3.18 The Babel package
(/usr/local/texlive/2018/texmf-dist/tex/generic/babel/switch.def
File: switch.def 2018/02/14 3.18 Babel switching mechanism
) (/usr/local/texlive/2018/texmf-dist/tex/generic/babel-spanish/spanish.ldf
Language: spanish.ldf 2016/03/03 v5.0p Spanish support from the babel system
(/usr/local/texlive/2018/texmf-dist/tex/generic/babel/babel.def
File: babel.def 2018/02/14 3.18 Babel common definitions
\babel@savecnt=\count127
\U@D=\dimen142
(/usr/local/texlive/2018/texmf-dist/tex/generic/babel/txtbabel.def)
\bbl@dirlevel=\count128
)
\es@quottoks=\toks26
\es@quotdepth=\count129
Package babel Info: Making " an active character on input line 561.
Package babel Info: Making < an active character on input line 707.
Package babel Info: Making > an active character on input line 707.
)) (/usr/local/texlive/2018/texmf-dist/tex/latex/pgf/frontendlayer/tikz.sty (/u
sr/local/texlive/2018/texmf-dist/tex/latex/pgf/basiclayer/pgf.sty (/usr/local/t
exlive/2018/texmf-dist/tex/latex/pgf/utilities/pgfrcs.sty
(/usr/local/texlive/2018/texmf-dist/tex/generic/pgf/utilities/pgfutil-common.te
x
\pgfutil@everybye=\toks27
\pgfutil@tempdima=\dimen143
\pgfutil@tempdimb=\dimen144

(/usr/local/texlive/2018/texmf-dist/tex/generic/pgf/utilities/pgfutil-common-li
sts.tex))
(/usr/local/texlive/2018/texmf-dist/tex/generic/pgf/utilities/pgfutil-latex.def
\pgfutil@abb=\box33
(/usr/local/texlive/2018/texmf-dist/tex/latex/ms/everyshi.sty
Package: everyshi 2001/05/15 v3.00 EveryShipout Package (MS)
)) (/usr/local/texlive/2018/texmf-dist/tex/generic/pgf/utilities/pgfrcs.code.te
x
Package: pgfrcs 2015/08/07 v3.0.1a (rcs-revision 1.31)
))
Package: pgf 2015/08/07 v3.0.1a (rcs-revision 1.15)
(/usr/local/texlive/2018/texmf-dist/tex/latex/pgf/basiclayer/pgfcore.sty (/usr/
local/texlive/2018/texmf-dist/tex/latex/pgf/systemlayer/pgfsys.sty
(/usr/local/texlive/2018/texmf-dist/tex/generic/pgf/systemlayer/pgfsys.code.tex
Package: pgfsys 2014/07/09 v3.0.1a (rcs-revision 1.48)
(/usr/local/texlive/2018/texmf-dist/tex/generic/pgf/utilities/pgfkeys.code.tex
\pgfkeys@pathtoks=\toks28
\pgfkeys@temptoks=\toks29

(/usr/local/texlive/2018/texmf-dist/tex/generic/pgf/utilities/pgfkeysfiltered.c
ode.tex
\pgfkeys@tmptoks=\toks30
))
\pgf@x=\dimen145
\pgf@y=\dimen146
\pgf@xa=\dimen147
\pgf@ya=\dimen148
\pgf@xb=\dimen149
\pgf@yb=\dimen150
\pgf@xc=\dimen151
\pgf@yc=\dimen152
\w@pgf@writea=\write3
\r@pgf@reada=\read1
\c@pgf@counta=\count130
\c@pgf@countb=\count131
\c@pgf@countc=\count132
\c@pgf@countd=\count133
\t@pgf@toka=\toks31
\t@pgf@tokb=\toks32
\t@pgf@tokc=\toks33
(/usr/local/texlive/2018/texmf-dist/tex/generic/pgf/systemlayer/pgf.cfg
File: pgf.cfg 2008/05/14  (rcs-revision 1.7)
)
Driver file for pgf: pgfsys-pdftex.def

(/usr/local/texlive/2018/texmf-dist/tex/generic/pgf/systemlayer/pgfsys-pdftex.d
ef
File: pgfsys-pdftex.def 2014/10/11  (rcs-revision 1.35)

(/usr/local/texlive/2018/texmf-dist/tex/generic/pgf/systemlayer/pgfsys-common-p
df.def
File: pgfsys-common-pdf.def 2013/10/10  (rcs-revision 1.13)
)))
(/usr/local/texlive/2018/texmf-dist/tex/generic/pgf/systemlayer/pgfsyssoftpath.
code.tex
File: pgfsyssoftpath.code.tex 2013/09/09  (rcs-revision 1.9)
\pgfsyssoftpath@smallbuffer@items=\count134
\pgfsyssoftpath@bigbuffer@items=\count135
)
(/usr/local/texlive/2018/texmf-dist/tex/generic/pgf/systemlayer/pgfsysprotocol.
code.tex
File: pgfsysprotocol.code.tex 2006/10/16  (rcs-revision 1.4)
))
(/usr/local/texlive/2018/texmf-dist/tex/generic/pgf/basiclayer/pgfcore.code.tex
Package: pgfcore 2010/04/11 v3.0.1a (rcs-revision 1.7)
(/usr/local/texlive/2018/texmf-dist/tex/generic/pgf/math/pgfmath.code.tex (/usr
/local/texlive/2018/texmf-dist/tex/generic/pgf/math/pgfmathcalc.code.tex (/usr/
local/texlive/2018/texmf-dist/tex/generic/pgf/math/pgfmathutil.code.tex)
(/usr/local/texlive/2018/texmf-dist/tex/generic/pgf/math/pgfmathparser.code.tex
\pgfmath@dimen=\dimen153
\pgfmath@count=\count136
\pgfmath@box=\box34
\pgfmath@toks=\toks34
\pgfmath@stack@operand=\toks35
\pgfmath@stack@operation=\toks36
)
(/usr/local/texlive/2018/texmf-dist/tex/generic/pgf/math/pgfmathfunctions.code.
tex
(/usr/local/texlive/2018/texmf-dist/tex/generic/pgf/math/pgfmathfunctions.basic
.code.tex)
(/usr/local/texlive/2018/texmf-dist/tex/generic/pgf/math/pgfmathfunctions.trigo
nometric.code.tex)
(/usr/local/texlive/2018/texmf-dist/tex/generic/pgf/math/pgfmathfunctions.rando
m.code.tex)
(/usr/local/texlive/2018/texmf-dist/tex/generic/pgf/math/pgfmathfunctions.compa
rison.code.tex)
(/usr/local/texlive/2018/texmf-dist/tex/generic/pgf/math/pgfmathfunctions.base.
code.tex)
(/usr/local/texlive/2018/texmf-dist/tex/generic/pgf/math/pgfmathfunctions.round
.code.tex)
(/usr/local/texlive/2018/texmf-dist/tex/generic/pgf/math/pgfmathfunctions.misc.
code.tex)
(/usr/local/texlive/2018/texmf-dist/tex/generic/pgf/math/pgfmathfunctions.integ
erarithmetics.code.tex))) (/usr/local/texlive/2018/texmf-dist/tex/generic/pgf/m
ath/pgfmathfloat.code.tex
\c@pgfmathroundto@lastzeros=\count137
))
(/usr/local/texlive/2018/texmf-dist/tex/generic/pgf/basiclayer/pgfcorepoints.co
de.tex
File: pgfcorepoints.code.tex 2013/10/07  (rcs-revision 1.27)
\pgf@picminx=\dimen154
\pgf@picmaxx=\dimen155
\pgf@picminy=\dimen156
\pgf@picmaxy=\dimen157
\pgf@pathminx=\dimen158
\pgf@pathmaxx=\dimen159
\pgf@pathminy=\dimen160
\pgf@pathmaxy=\dimen161
\pgf@xx=\dimen162
\pgf@xy=\dimen163
\pgf@yx=\dimen164
\pgf@yy=\dimen165
\pgf@zx=\dimen166
\pgf@zy=\dimen167
)
(/usr/local/texlive/2018/texmf-dist/tex/generic/pgf/basiclayer/pgfcorepathconst
ruct.code.tex
File: pgfcorepathconstruct.code.tex 2013/10/07  (rcs-revision 1.29)
\pgf@path@lastx=\dimen168
\pgf@path@lasty=\dimen169
)
(/usr/local/texlive/2018/texmf-dist/tex/generic/pgf/basiclayer/pgfcorepathusage
.code.tex
File: pgfcorepathusage.code.tex 2014/11/02  (rcs-revision 1.24)
\pgf@shorten@end@additional=\dimen170
\pgf@shorten@start@additional=\dimen171
)
(/usr/local/texlive/2018/texmf-dist/tex/generic/pgf/basiclayer/pgfcorescopes.co
de.tex
File: pgfcorescopes.code.tex 2015/05/08  (rcs-revision 1.46)
\pgfpic=\box35
\pgf@hbox=\box36
\pgf@layerbox@main=\box37
\pgf@picture@serial@count=\count138
)
(/usr/local/texlive/2018/texmf-dist/tex/generic/pgf/basiclayer/pgfcoregraphicst
ate.code.tex
File: pgfcoregraphicstate.code.tex 2014/11/02  (rcs-revision 1.12)
\pgflinewidth=\dimen172
)
(/usr/local/texlive/2018/texmf-dist/tex/generic/pgf/basiclayer/pgfcoretransform
ations.code.tex
File: pgfcoretransformations.code.tex 2015/08/07  (rcs-revision 1.20)
\pgf@pt@x=\dimen173
\pgf@pt@y=\dimen174
\pgf@pt@temp=\dimen175
)
(/usr/local/texlive/2018/texmf-dist/tex/generic/pgf/basiclayer/pgfcorequick.cod
e.tex
File: pgfcorequick.code.tex 2008/10/09  (rcs-revision 1.3)
)
(/usr/local/texlive/2018/texmf-dist/tex/generic/pgf/basiclayer/pgfcoreobjects.c
ode.tex
File: pgfcoreobjects.code.tex 2006/10/11  (rcs-revision 1.2)
)
(/usr/local/texlive/2018/texmf-dist/tex/generic/pgf/basiclayer/pgfcorepathproce
ssing.code.tex
File: pgfcorepathprocessing.code.tex 2013/09/09  (rcs-revision 1.9)
)
(/usr/local/texlive/2018/texmf-dist/tex/generic/pgf/basiclayer/pgfcorearrows.co
de.tex
File: pgfcorearrows.code.tex 2015/05/14  (rcs-revision 1.43)
\pgfarrowsep=\dimen176
)
(/usr/local/texlive/2018/texmf-dist/tex/generic/pgf/basiclayer/pgfcoreshade.cod
e.tex
File: pgfcoreshade.code.tex 2013/07/15  (rcs-revision 1.15)
\pgf@max=\dimen177
\pgf@sys@shading@range@num=\count139
)
(/usr/local/texlive/2018/texmf-dist/tex/generic/pgf/basiclayer/pgfcoreimage.cod
e.tex
File: pgfcoreimage.code.tex 2013/07/15  (rcs-revision 1.18)

(/usr/local/texlive/2018/texmf-dist/tex/generic/pgf/basiclayer/pgfcoreexternal.
code.tex
File: pgfcoreexternal.code.tex 2014/07/09  (rcs-revision 1.21)
\pgfexternal@startupbox=\box38
))
(/usr/local/texlive/2018/texmf-dist/tex/generic/pgf/basiclayer/pgfcorelayers.co
de.tex
File: pgfcorelayers.code.tex 2013/07/18  (rcs-revision 1.7)
)
(/usr/local/texlive/2018/texmf-dist/tex/generic/pgf/basiclayer/pgfcoretranspare
ncy.code.tex
File: pgfcoretransparency.code.tex 2013/09/30  (rcs-revision 1.5)
)
(/usr/local/texlive/2018/texmf-dist/tex/generic/pgf/basiclayer/pgfcorepatterns.
code.tex
File: pgfcorepatterns.code.tex 2013/11/07  (rcs-revision 1.5)
)))
(/usr/local/texlive/2018/texmf-dist/tex/generic/pgf/modules/pgfmoduleshapes.cod
e.tex
File: pgfmoduleshapes.code.tex 2014/03/21  (rcs-revision 1.35)
\pgfnodeparttextbox=\box39
)
(/usr/local/texlive/2018/texmf-dist/tex/generic/pgf/modules/pgfmoduleplot.code.
tex
File: pgfmoduleplot.code.tex 2015/08/03  (rcs-revision 1.13)
)
(/usr/local/texlive/2018/texmf-dist/tex/latex/pgf/compatibility/pgfcomp-version
-0-65.sty
Package: pgfcomp-version-0-65 2007/07/03 v3.0.1a (rcs-revision 1.7)
\pgf@nodesepstart=\dimen178
\pgf@nodesepend=\dimen179
)
(/usr/local/texlive/2018/texmf-dist/tex/latex/pgf/compatibility/pgfcomp-version
-1-18.sty
Package: pgfcomp-version-1-18 2007/07/23 v3.0.1a (rcs-revision 1.1)
)) (/usr/local/texlive/2018/texmf-dist/tex/latex/pgf/utilities/pgffor.sty (/usr
/local/texlive/2018/texmf-dist/tex/latex/pgf/utilities/pgfkeys.sty (/usr/local/
texlive/2018/texmf-dist/tex/generic/pgf/utilities/pgfkeys.code.tex)) (/usr/loca
l/texlive/2018/texmf-dist/tex/latex/pgf/math/pgfmath.sty (/usr/local/texlive/20
18/texmf-dist/tex/generic/pgf/math/pgfmath.code.tex)) (/usr/local/texlive/2018/
texmf-dist/tex/generic/pgf/utilities/pgffor.code.tex
Package: pgffor 2013/12/13 v3.0.1a (rcs-revision 1.25)
(/usr/local/texlive/2018/texmf-dist/tex/generic/pgf/math/pgfmath.code.tex)
\pgffor@iter=\dimen180
\pgffor@skip=\dimen181
\pgffor@stack=\toks37
\pgffor@toks=\toks38
))
(/usr/local/texlive/2018/texmf-dist/tex/generic/pgf/frontendlayer/tikz/tikz.cod
e.tex
Package: tikz 2015/08/07 v3.0.1a (rcs-revision 1.151)

(/usr/local/texlive/2018/texmf-dist/tex/generic/pgf/libraries/pgflibraryplothan
dlers.code.tex
File: pgflibraryplothandlers.code.tex 2013/08/31 v3.0.1a (rcs-revision 1.20)
\pgf@plot@mark@count=\count140
\pgfplotmarksize=\dimen182
)
\tikz@lastx=\dimen183
\tikz@lasty=\dimen184
\tikz@lastxsaved=\dimen185
\tikz@lastysaved=\dimen186
\tikzleveldistance=\dimen187
\tikzsiblingdistance=\dimen188
\tikz@figbox=\box40
\tikz@figbox@bg=\box41
\tikz@tempbox=\box42
\tikz@tempbox@bg=\box43
\tikztreelevel=\count141
\tikznumberofchildren=\count142
\tikznumberofcurrentchild=\count143
\tikz@fig@count=\count144

(/usr/local/texlive/2018/texmf-dist/tex/generic/pgf/modules/pgfmodulematrix.cod
e.tex
File: pgfmodulematrix.code.tex 2013/09/17  (rcs-revision 1.8)
\pgfmatrixcurrentrow=\count145
\pgfmatrixcurrentcolumn=\count146
\pgf@matrix@numberofcolumns=\count147
)
\tikz@expandcount=\count148

(/usr/local/texlive/2018/texmf-dist/tex/generic/pgf/frontendlayer/tikz/librarie
s/tikzlibrarytopaths.code.tex
File: tikzlibrarytopaths.code.tex 2008/06/17 v3.0.1a (rcs-revision 1.2)
))) (/usr/local/texlive/2018/texmf-dist/tex/latex/float/float.sty
Package: float 2001/11/08 v1.3d Float enhancements (AL)
\c@float@type=\count149
\float@exts=\toks39
\float@box=\box44
\@float@everytoks=\toks40
\@floatcapt=\box45
) (/usr/local/texlive/2018/texmf-dist/tex/latex/fancyhdr/fancyhdr.sty
Package: fancyhdr 2017/06/30 v3.9a Extensive control of page headers and footer
s
\f@nch@headwidth=\skip52
\f@nch@O@elh=\skip53
\f@nch@O@erh=\skip54
\f@nch@O@olh=\skip55
\f@nch@O@orh=\skip56
\f@nch@O@elf=\skip57
\f@nch@O@erf=\skip58
\f@nch@O@olf=\skip59
\f@nch@O@orf=\skip60
) (/usr/local/texlive/2018/texmf-dist/tex/latex/tools/calc.sty
Package: calc 2017/05/25 v4.3 Infix arithmetic (KKT,FJ)
\calc@Acount=\count150
\calc@Bcount=\count151
\calc@Adimen=\dimen189
\calc@Bdimen=\dimen190
\calc@Askip=\skip61
\calc@Bskip=\skip62
LaTeX Info: Redefining \setlength on input line 80.
LaTeX Info: Redefining \addtolength on input line 81.
\calc@Ccount=\count152
\calc@Cskip=\skip63
) (/usr/local/texlive/2018/texmf-dist/tex/latex/amscls/amsthm.sty
Package: amsthm 2017/10/31 v2.20.4
\thm@style=\toks41
\thm@bodyfont=\toks42
\thm@headfont=\toks43
\thm@notefont=\toks44
\thm@headpunct=\toks45
\thm@preskip=\skip64
\thm@postskip=\skip65
\thm@headsep=\skip66
\dth@everypar=\toks46
) (/usr/local/texlive/2018/texmf-dist/tex/latex/jknapltx/mathrsfs.sty
Package: mathrsfs 1996/01/01 Math RSFS package v1.0 (jk)
\symrsfs=\mathgroup6
) (/usr/local/texlive/2018/texmf-dist/tex/latex/listings/listings.sty
\lst@mode=\count153
\lst@gtempboxa=\box46
\lst@token=\toks47
\lst@length=\count154
\lst@currlwidth=\dimen191
\lst@column=\count155
\lst@pos=\count156
\lst@lostspace=\dimen192
\lst@width=\dimen193
\lst@newlines=\count157
\lst@lineno=\count158
\lst@maxwidth=\dimen194
(/usr/local/texlive/2018/texmf-dist/tex/latex/listings/lstmisc.sty
File: lstmisc.sty 2015/06/04 1.6 (Carsten Heinz)
\c@lstnumber=\count159
\lst@skipnumbers=\count160
\lst@framebox=\box47
) (/usr/local/texlive/2018/texmf-dist/tex/latex/listings/listings.cfg
File: listings.cfg 2015/06/04 1.6 listings configuration
))
Package: listings 2015/06/04 1.6 (Carsten Heinz)
(/usr/local/texlive/2018/texmf-dist/tex/latex/tools/array.sty
Package: array 2018/04/07 v2.4g Tabular extension package (FMi)
\col@sep=\dimen195
\ar@mcellbox=\box48
\extrarowheight=\dimen196
\NC@list=\toks48
\extratabsurround=\skip67
\backup@length=\skip68
\ar@cellbox=\box49
) (/usr/local/texlive/2018/texmf-dist/tex/latex/multirow/multirow.sty
Package: multirow 2016/11/25 v2.2 Span multiple rows of a table
\multirow@colwidth=\skip69
\multirow@cntb=\count161
\multirow@dima=\skip70
\bigstrutjot=\dimen197
) (/usr/local/texlive/2018/texmf-dist/tex/latex/wrapfig/wrapfig.sty
\wrapoverhang=\dimen198
\WF@size=\dimen199
\c@WF@wrappedlines=\count162
\WF@box=\box50
\WF@everypar=\toks49
Package: wrapfig 2003/01/31  v 3.6
) (/usr/local/texlive/2018/texmf-dist/tex/latex/colortbl/colortbl.sty
Package: colortbl 2012/02/13 v1.0a Color table columns (DPC)
\everycr=\toks50
\minrowclearance=\skip71
) (/usr/local/texlive/2018/texmf-dist/tex/latex/oberdiek/pdflscape.sty
Package: pdflscape 2016/05/14 v0.11 Display of landscape pages in PDF (HO)
(/usr/local/texlive/2018/texmf-dist/tex/latex/graphics/lscape.sty
Package: lscape 2000/10/22 v3.01 Landscape Pages (DPC)
)
Package pdflscape Info: Auto-detected driver: pdftex on input line 81.
) (/usr/local/texlive/2018/texmf-dist/tex/latex/tabu/tabu.sty
Package: tabu 2011/02/26 v2.8 - flexible LaTeX tabulars (FC)
(/usr/local/texlive/2018/texmf-dist/tex/latex/varwidth/varwidth.sty
Package: varwidth 2009/03/30 ver 0.92;  Variable-width minipages
\@vwid@box=\box51
\sift@deathcycles=\count163
\@vwid@loff=\dimen256
\@vwid@roff=\dimen257
)
\c@taburow=\count164
\tabu@nbcols=\count165
\tabu@cnt=\count166
\tabu@Xcol=\count167
\tabu@alloc=\count168
\tabu@nested=\count169
\tabu@target=\dimen258
\tabu@spreadtarget=\dimen259
\tabu@naturalX=\dimen260
\tabucolX=\dimen261
\tabu@Xsum=\dimen262
\extrarowdepth=\dimen263
\abovetabulinesep=\dimen264
\belowtabulinesep=\dimen265
\tabustrutrule=\dimen266
\tabu@thebody=\toks51
\tabu@footnotes=\toks52
\tabu@box=\box52
\tabu@arstrutbox=\box53
\tabu@hleads=\box54
\tabu@vleads=\box55
\tabu@cellskip=\skip72
)
(/usr/local/texlive/2018/texmf-dist/tex/latex/threeparttable/threeparttable.sty
Package: threeparttable 2003/06/13  v 3.0
\@tempboxb=\box56
)
(/usr/local/texlive/2018/texmf-dist/tex/latex/threeparttablex/threeparttablex.s
ty
Package: threeparttablex 2013/07/23 v0.3 by daleif
(/usr/local/texlive/2018/texmf-dist/tex/latex/environ/environ.sty
Package: environ 2014/05/04 v0.3 A new way to define environments
(/usr/local/texlive/2018/texmf-dist/tex/latex/trimspaces/trimspaces.sty
Package: trimspaces 2009/09/17 v1.1 Trim spaces around a token list
))
\TPTL@width=\skip73
) (/usr/local/texlive/2018/texmf-dist/tex/generic/ulem/ulem.sty
\UL@box=\box57
\UL@hyphenbox=\box58
\UL@skip=\skip74
\UL@hook=\toks53
\UL@height=\dimen267
\UL@pe=\count170
\UL@pixel=\dimen268
\ULC@box=\box59
Package: ulem 2012/05/18
\ULdepth=\dimen269
) (/usr/local/texlive/2018/texmf-dist/tex/latex/makecell/makecell.sty
Package: makecell 2009/08/03 V0.1e Managing of Tab Column Heads and Cells
\rotheadsize=\dimen270
\c@nlinenum=\count171
\TeXr@lab=\toks54
) (/usr/local/texlive/2018/texmf-dist/tex/latex/natbib/natbib.sty
Package: natbib 2010/09/13 8.31b (PWD, AO)
\bibhang=\skip75
\bibsep=\skip76
LaTeX Info: Redefining \cite on input line 694.
\c@NAT@ctr=\count172
) (./_main.aux
LaTeX Info: Redefining \. on input line 25.
LaTeX Info: Redefining \% on input line 25.

LaTeX Warning: Label `ejemplos-del-caso-continuo-y-caso-discreto' multiply defi
ned.


LaTeX Warning: Label `ejemplo' multiply defined.


LaTeX Warning: Label `caso-continuo' multiply defined.


LaTeX Warning: Label `caso-discreto' multiply defined.


LaTeX Warning: Label `caso-continuo-1' multiply defined.


LaTeX Warning: Label `caso-discreto-1' multiply defined.


LaTeX Warning: Label `caso-continuo-2' multiply defined.


LaTeX Warning: Label `caso-discreto-2' multiply defined.


LaTeX Warning: Label `ejemplo-1' multiply defined.


LaTeX Warning: Label `ejemplo-2' multiply defined.


LaTeX Warning: Label `ejemplo' multiply defined.


LaTeX Warning: Label `ejemplo-1' multiply defined.


LaTeX Warning: Label `censura-por-la-derecha-tipo-i' multiply defined.


LaTeX Warning: Label `censura-por-la-derecha-tipo-ii' multiply defined.


LaTeX Warning: Label `modelo-exponencial' multiply defined.


LaTeX Warning: Label `ejemplo' multiply defined.


LaTeX Warning: Label `modelo-weibull' multiply defined.


LaTeX Warning: Label `ejemplo' multiply defined.


LaTeX Warning: Label `ejemplo-1' multiply defined.


LaTeX Warning: Label `ejercicio' multiply defined.


LaTeX Warning: Label `ejemplo' multiply defined.


LaTeX Warning: Label `ejemplo-1' multiply defined.


LaTeX Warning: Label `ejemplo-2' multiply defined.


LaTeX Warning: Label `modelo-exponencial' multiply defined.


LaTeX Warning: Label `ejemplo-3' multiply defined.


LaTeX Warning: Label `modelo-weibull' multiply defined.


LaTeX Warning: Label `modelo-log-loguxedstico' multiply defined.


LaTeX Warning: Label `modelo-log-normal' multiply defined.


LaTeX Warning: Label `ejemplo' multiply defined.


LaTeX Warning: Label `ejemplo-1' multiply defined.


LaTeX Warning: Label `ejercicio' multiply defined.


LaTeX Warning: Label `ejemplo-1' multiply defined.


LaTeX Warning: Label `ejemplo-2' multiply defined.

)
\openout1 = `_main.aux'.

LaTeX Font Info:    Checking defaults for OML/cmm/m/it on input line 121.
LaTeX Font Info:    ... okay on input line 121.
LaTeX Font Info:    Checking defaults for T1/cmr/m/n on input line 121.
LaTeX Font Info:    ... okay on input line 121.
LaTeX Font Info:    Checking defaults for OT1/cmr/m/n on input line 121.
LaTeX Font Info:    ... okay on input line 121.
LaTeX Font Info:    Checking defaults for OMS/cmsy/m/n on input line 121.
LaTeX Font Info:    ... okay on input line 121.
LaTeX Font Info:    Checking defaults for OMX/cmex/m/n on input line 121.
LaTeX Font Info:    ... okay on input line 121.
LaTeX Font Info:    Checking defaults for U/cmr/m/n on input line 121.
LaTeX Font Info:    ... okay on input line 121.
LaTeX Font Info:    Checking defaults for TS1/cmr/m/n on input line 121.
LaTeX Font Info:    Try loading font information for TS1+cmr on input line 121.

(/usr/local/texlive/2018/texmf-dist/tex/latex/base/ts1cmr.fd
File: ts1cmr.fd 2014/09/29 v2.5h Standard LaTeX font definitions
)
LaTeX Font Info:    ... okay on input line 121.
LaTeX Font Info:    Checking defaults for PD1/pdf/m/n on input line 121.
LaTeX Font Info:    ... okay on input line 121.
LaTeX Font Info:    Checking defaults for PU/pdf/m/n on input line 121.
LaTeX Font Info:    ... okay on input line 121.
LaTeX Font Info:    Try loading font information for T1+lmr on input line 121.
(/usr/local/texlive/2018/texmf-dist/tex/latex/lm/t1lmr.fd
File: t1lmr.fd 2009/10/30 v1.6 Font defs for Latin Modern
)
LaTeX Info: Redefining \microtypecontext on input line 121.
Package microtype Info: Generating PDF output.
Package microtype Info: Character protrusion enabled (level 2).
Package microtype Info: Using protrusion set `basicmath'.
Package microtype Info: Automatic font expansion enabled (level 2),
(microtype)             stretch: 20, shrink: 20, step: 1, non-selected.
Package microtype Info: Using default expansion set `basictext'.
Package microtype Info: No adjustment of tracking.
Package microtype Info: No adjustment of interword spacing.
Package microtype Info: No adjustment of character kerning.
(/usr/local/texlive/2018/texmf-dist/tex/latex/microtype/mt-cmr.cfg
File: mt-cmr.cfg 2013/05/19 v2.2 microtype config. file: Computer Modern Roman 
(RS)
) (/usr/local/texlive/2018/texmf-dist/tex/context/base/mkii/supp-pdf.mkii
[Loading MPS to PDF converter (version 2006.09.02).]
\scratchcounter=\count173
\scratchdimen=\dimen271
\scratchbox=\box60
\nofMPsegments=\count174
\nofMParguments=\count175
\everyMPshowfont=\toks55
\MPscratchCnt=\count176
\MPscratchDim=\dimen272
\MPnumerator=\count177
\makeMPintoPDFobject=\count178
\everyMPtoPDFconversion=\toks56
) (/usr/local/texlive/2018/texmf-dist/tex/latex/oberdiek/epstopdf-base.sty
Package: epstopdf-base 2016/05/15 v2.6 Base part for package epstopdf
(/usr/local/texlive/2018/texmf-dist/tex/latex/oberdiek/grfext.sty
Package: grfext 2016/05/16 v1.2 Manage graphics extensions (HO)
)
Package epstopdf-base Info: Redefining graphics rule for `.eps' on input line 4
38.
Package grfext Info: Graphics extension search list:
(grfext)             [.pdf,.png,.jpg,.mps,.jpeg,.jbig2,.jb2,.PDF,.PNG,.JPG,.JPE
G,.JBIG2,.JB2,.eps]
(grfext)             \AppendGraphicsExtensions on input line 456.
(/usr/local/texlive/2018/texmf-dist/tex/latex/latexconfig/epstopdf-sys.cfg
File: epstopdf-sys.cfg 2010/07/13 v1.3 Configuration of (r)epstopdf for TeX Liv
e
))
\AtBeginShipoutBox=\box61
Package hyperref Info: Link coloring OFF on input line 121.
(/usr/local/texlive/2018/texmf-dist/tex/latex/hyperref/nameref.sty
Package: nameref 2016/05/21 v2.44 Cross-referencing by name of section
(/usr/local/texlive/2018/texmf-dist/tex/generic/oberdiek/gettitlestring.sty
Package: gettitlestring 2016/05/16 v1.5 Cleanup title references (HO)
)
\c@section@level=\count179
)
LaTeX Info: Redefining \ref on input line 121.
LaTeX Info: Redefining \pageref on input line 121.
LaTeX Info: Redefining \nameref on input line 121.
*geometry* driver: auto-detecting
*geometry* detected driver: pdftex
*geometry* verbose mode - [ preamble ] result:
* driver: pdftex
* paper: a4paper
* layout: <same size as paper>
* layoutoffset:(h,v)=(0.0pt,0.0pt)
* modes: 
* h-part:(L,W,R)=(72.26999pt, 452.9679pt, 72.26999pt)
* v-part:(T,H,B)=(72.26999pt, 700.50687pt, 72.26999pt)
* \paperwidth=597.50787pt
* \paperheight=845.04684pt
* \textwidth=452.9679pt
* \textheight=700.50687pt
* \oddsidemargin=0.0pt
* \evensidemargin=0.0pt
* \topmargin=-30.06749pt
* \headheight=12.0pt
* \headsep=18.06749pt
* \topskip=10.0pt
* \footskip=25.29494pt
* \marginparwidth=61.0pt
* \marginparsep=7.0pt
* \columnsep=10.0pt
* \skip\footins=9.0pt plus 4.0pt minus 2.0pt
* \hoffset=0.0pt
* \voffset=0.0pt
* \mag=1000
* \@twocolumnfalse
* \@twosidefalse
* \@mparswitchfalse
* \@reversemarginfalse
* (1in=72.27pt=25.4mm, 1cm=28.453pt)

LaTeX Info: Redefining \. on input line 121.
LaTeX Info: Redefining \% on input line 121.
ABD: EveryShipout initializing macros
\c@lstlisting=\count180
LaTeX Font Info:    Try loading font information for OT1+lmr on input line 123.

(/usr/local/texlive/2018/texmf-dist/tex/latex/lm/ot1lmr.fd
File: ot1lmr.fd 2009/10/30 v1.6 Font defs for Latin Modern
)
LaTeX Font Info:    Try loading font information for OML+lmm on input line 123.

(/usr/local/texlive/2018/texmf-dist/tex/latex/lm/omllmm.fd
File: omllmm.fd 2009/10/30 v1.6 Font defs for Latin Modern
)
LaTeX Font Info:    Try loading font information for OMS+lmsy on input line 123
.
(/usr/local/texlive/2018/texmf-dist/tex/latex/lm/omslmsy.fd
File: omslmsy.fd 2009/10/30 v1.6 Font defs for Latin Modern
)
LaTeX Font Info:    Try loading font information for OMX+lmex on input line 123
.
(/usr/local/texlive/2018/texmf-dist/tex/latex/lm/omxlmex.fd
File: omxlmex.fd 2009/10/30 v1.6 Font defs for Latin Modern
)
LaTeX Font Info:    External font `lmex10' loaded for size
(Font)              <12> on input line 123.
LaTeX Font Info:    External font `lmex10' loaded for size
(Font)              <8> on input line 123.
LaTeX Font Info:    External font `lmex10' loaded for size
(Font)              <6> on input line 123.
LaTeX Font Info:    Try loading font information for U+msa on input line 123.
(/usr/local/texlive/2018/texmf-dist/tex/latex/amsfonts/umsa.fd
File: umsa.fd 2013/01/14 v3.01 AMS symbols A
) (/usr/local/texlive/2018/texmf-dist/tex/latex/microtype/mt-msa.cfg
File: mt-msa.cfg 2006/02/04 v1.1 microtype config. file: AMS symbols (a) (RS)
)
LaTeX Font Info:    Try loading font information for U+msb on input line 123.
(/usr/local/texlive/2018/texmf-dist/tex/latex/amsfonts/umsb.fd
File: umsb.fd 2013/01/14 v3.01 AMS symbols B
) (/usr/local/texlive/2018/texmf-dist/tex/latex/microtype/mt-msb.cfg
File: mt-msb.cfg 2005/06/01 v1.0 microtype config. file: AMS symbols (b) (RS)
)
LaTeX Font Info:    Try loading font information for U+rsfs on input line 123.
(/usr/local/texlive/2018/texmf-dist/tex/latex/jknapltx/ursfs.fd
File: ursfs.fd 1998/03/24 rsfs font definition file (jk)
) [1


{/usr/local/texlive/2018/texmf-var/fonts/map/pdftex/updmap/pdftex.map}] (./_mai
n.toc
LaTeX Info: Redefining \. on input line 1.
LaTeX Info: Redefining \% on input line 1.
LaTeX Font Info:    External font `lmex10' loaded for size
(Font)              <10> on input line 4.
LaTeX Font Info:    External font `lmex10' loaded for size
(Font)              <7> on input line 4.
LaTeX Font Info:    External font `lmex10' loaded for size
(Font)              <5> on input line 4.
pdfTeX warning (ext4): destination with the same identifier (name{page.1}) has 
been already used, duplicate ignored
<to be read again> 
                   \relax 
l.40 ...s No Param\IeC {\'e}tricos}{51}{chapter.8}
                                                   [1

])
\tf@toc=\write4
\openout4 = `_main.toc'.

LaTeX Info: Redefining \. on input line 129.
LaTeX Info: Redefining \% on input line 129.
[2]
LaTeX Font Info:    Try loading font information for T1+lmtt on input line 157.

(/usr/local/texlive/2018/texmf-dist/tex/latex/lm/t1lmtt.fd
File: t1lmtt.fd 2009/10/30 v1.6 Font defs for Latin Modern
) [3

]
LaTeX Info: Redefining \. on input line 242.
LaTeX Info: Redefining \% on input line 242.
[4]
LaTeX Info: Redefining \. on input line 275.
LaTeX Info: Redefining \% on input line 275.
[5] [6

] [7

] [8

]
Overfull \hbox (4.03563pt too wide) in paragraph at lines 358--369
 [][] 
 []

[9]
Cap\'{\i }tulo 1.
<_main_files/figure-latex/unnamed-chunk-8-1.pdf, id=219, 459.7175pt x 272.01625
pt>
File: _main_files/figure-latex/unnamed-chunk-8-1.pdf Graphic file (type pdf)
<use _main_files/figure-latex/unnamed-chunk-8-1.pdf>
Package pdftex.def Info: _main_files/figure-latex/unnamed-chunk-8-1.pdf  used o
n input line 389.
(pdftex.def)             Requested size: 452.99626pt x 268.03928pt.
[10

]
<_main_files/figure-latex/unnamed-chunk-9-1.pdf, id=227, 459.7175pt x 272.01625
pt>
File: _main_files/figure-latex/unnamed-chunk-9-1.pdf Graphic file (type pdf)
<use _main_files/figure-latex/unnamed-chunk-9-1.pdf>
Package pdftex.def Info: _main_files/figure-latex/unnamed-chunk-9-1.pdf  used o
n input line 402.
(pdftex.def)             Requested size: 452.99626pt x 268.03928pt.
LaTeX Info: Redefining \. on input line 402.
LaTeX Info: Redefining \% on input line 402.
[11 <./_main_files/figure-latex/unnamed-chunk-8-1.pdf>]
<_main_files/figure-latex/unnamed-chunk-10-1.pdf, id=246, 459.7175pt x 272.0162
5pt>
File: _main_files/figure-latex/unnamed-chunk-10-1.pdf Graphic file (type pdf)
<use _main_files/figure-latex/unnamed-chunk-10-1.pdf>
Package pdftex.def Info: _main_files/figure-latex/unnamed-chunk-10-1.pdf  used 
on input line 417.
(pdftex.def)             Requested size: 452.99626pt x 268.03928pt.
LaTeX Info: Redefining \. on input line 417.
LaTeX Info: Redefining \% on input line 417.
[12 <./_main_files/figure-latex/unnamed-chunk-9-1.pdf>]
LaTeX Info: Redefining \. on input line 444.
LaTeX Info: Redefining \% on input line 444.
[13 <./_main_files/figure-latex/unnamed-chunk-10-1.pdf>]
LaTeX Info: Redefining \. on input line 446.
LaTeX Info: Redefining \% on input line 446.
[14]
Cap\'{\i }tulo 2.
[15

] [16

]
Cap\'{\i }tulo 3.
[17

]
<_main_files/figure-latex/two-example-survival-functions-1.pdf, id=333, 449.68p
t x 268.00125pt>
File: _main_files/figure-latex/two-example-survival-functions-1.pdf Graphic fil
e (type pdf)
<use _main_files/figure-latex/two-example-survival-functions-1.pdf>
Package pdftex.def Info: _main_files/figure-latex/two-example-survival-function
s-1.pdf  used on input line 534.
(pdftex.def)             Requested size: 449.6789pt x 268.00058pt.
<_main_files/figure-latex/unnamed-chunk-11-1.pdf, id=334, 460.72125pt x 278.038
76pt>
File: _main_files/figure-latex/unnamed-chunk-11-1.pdf Graphic file (type pdf)
<use _main_files/figure-latex/unnamed-chunk-11-1.pdf>
Package pdftex.def Info: _main_files/figure-latex/unnamed-chunk-11-1.pdf  used 
on input line 565.
(pdftex.def)             Requested size: 452.96599pt x 273.35857pt.
LaTeX Info: Redefining \. on input line 565.
LaTeX Info: Redefining \% on input line 565.
[18pdfTeX warning (ext4): destination with the same identifier (name{figure.3.1
}) has been already used, duplicate ignored

\AtBegShi@Output ...ipout \box \AtBeginShipoutBox 
                                                  \fi \fi 
l.565 ...re-latex/unnamed-chunk-11-1} \end{center}
                                                   <./_main_files/figure-latex/
two-example-survival-functions-1.pdf>]pdfTeX warning (ext4): destination with t
he same identifier (name{ejemplos-del-caso-continuo-y-caso-discreto}) has been 
already used, duplicate ignored
<to be read again> 
                   \relax 
l.576 ...mplos-del-caso-continuo-y-caso-discreto}}
                                                  
LaTeX Info: Redefining \. on input line 608.
LaTeX Info: Redefining \% on input line 608.
[19 <./_main_files/figure-latex/unnamed-chunk-11-1.pdf>]
<_main_files/figure-latex/unnamed-chunk-12-1.pdf, id=378, 459.7175pt x 276.0312
5pt>
File: _main_files/figure-latex/unnamed-chunk-12-1.pdf Graphic file (type pdf)
<use _main_files/figure-latex/unnamed-chunk-12-1.pdf>
Package pdftex.def Info: _main_files/figure-latex/unnamed-chunk-12-1.pdf  used 
on input line 622.
(pdftex.def)             Requested size: 452.99626pt x 271.99556pt.
LaTeX Info: Redefining \. on input line 632.
LaTeX Info: Redefining \% on input line 632.
[20 <./_main_files/figure-latex/unnamed-chunk-12-1.pdf>]pdfTeX warning (ext4): 
destination with the same identifier (name{ejemplo}) has been already used, dup
licate ignored
<to be read again> 
                   \relax 
l.677 \subsubsection*{Ejemplo}\label{ejemplo}}
                                              
<_main_files/figure-latex/unnamed-chunk-13-1.pdf, id=396, 449.68pt x 265.99374p
t>
File: _main_files/figure-latex/unnamed-chunk-13-1.pdf Graphic file (type pdf)
<use _main_files/figure-latex/unnamed-chunk-13-1.pdf>
Package pdftex.def Info: _main_files/figure-latex/unnamed-chunk-13-1.pdf  used 
on input line 702.
(pdftex.def)             Requested size: 449.69948pt x 266.00525pt.
LaTeX Info: Redefining \. on input line 702.
LaTeX Info: Redefining \% on input line 702.
[21]
LaTeX Info: Redefining \. on input line 748.
LaTeX Info: Redefining \% on input line 748.
[22 <./_main_files/figure-latex/unnamed-chunk-13-1.pdf>]
LaTeX Info: Redefining \. on input line 751.
LaTeX Info: Redefining \% on input line 751.
[23]
Cap\'{\i }tulo 4.
pdfTeX warning (ext4): destination with the same identifier (name{caso-continuo
}) has been already used, duplicate ignored
<to be read again> 
                   \relax 
l.759 ...ion*{Caso continuo}\label{caso-continuo}}
                                                  pdfTeX warning (ext4): destin
ation with the same identifier (name{caso-discreto}) has been already used, dup
licate ignored
<to be read again> 
                   \relax 
l.771 ...ion*{Caso discreto}\label{caso-discreto}}
                                                  pdfTeX warning (ext4): destin
ation with the same identifier (name{caso-continuo-1}) has been already used, d
uplicate ignored
<to be read again> 
                   \relax 
l.786 ...n*{Caso continuo}\label{caso-continuo-1}}
                                                   [24

]pdfTeX warning (ext4): destination with the same identifier (name{caso-discret
o-1}) has been already used, duplicate ignored
<to be read again> 
                   \relax 
l.808 ...n*{Caso discreto}\label{caso-discreto-1}}
                                                  pdfTeX warning (ext4): destin
ation with the same identifier (name{caso-continuo-2}) has been already used, d
uplicate ignored
<to be read again> 
                   \relax 
l.825 ...n*{Caso continuo}\label{caso-continuo-2}}
                                                  pdfTeX warning (ext4): destin
ation with the same identifier (name{caso-discreto-2}) has been already used, d
uplicate ignored
<to be read again> 
                   \relax 
l.835 ...n*{Caso discreto}\label{caso-discreto-2}}
                                                  
LaTeX Font Info:    External font `lmex10' loaded for size
(Font)              <14.4> on input line 845.
LaTeX Info: Redefining \. on input line 863.
LaTeX Info: Redefining \% on input line 863.
[25]pdfTeX warning (ext4): destination with the same identifier (name{ejemplo-1
}) has been already used, duplicate ignored
<to be read again> 
                   \relax 
l.875 \subsubsection*{Ejemplo 1}\label{ejemplo-1}}
                                                  
<_main_files/figure-latex/unnamed-chunk-14-1.pdf, id=456, 449.68pt x 265.99374p
t>
File: _main_files/figure-latex/unnamed-chunk-14-1.pdf Graphic file (type pdf)
<use _main_files/figure-latex/unnamed-chunk-14-1.pdf>
Package pdftex.def Info: _main_files/figure-latex/unnamed-chunk-14-1.pdf  used 
on input line 896.
(pdftex.def)             Requested size: 449.69948pt x 266.00525pt.
pdfTeX warning (ext4): destination with the same identifier (name{ejemplo-2}) h
as been already used, duplicate ignored
<to be read again> 
                   \relax 
l.899 \subsubsection*{Ejemplo 2}\label{ejemplo-2}}
                                                  
LaTeX Info: Redefining \. on input line 913.
LaTeX Info: Redefining \% on input line 913.
[26 <./_main_files/figure-latex/unnamed-chunk-14-1.pdf>]
LaTeX Info: Redefining \. on input line 955.
LaTeX Info: Redefining \% on input line 955.
[27]
Cap\'{\i }tulo 5.
[28

]
<_main_files/figure-latex/unnamed-chunk-15-1.pdf, id=497, 449.68pt x 265.99374p
t>
File: _main_files/figure-latex/unnamed-chunk-15-1.pdf Graphic file (type pdf)
<use _main_files/figure-latex/unnamed-chunk-15-1.pdf>
Package pdftex.def Info: _main_files/figure-latex/unnamed-chunk-15-1.pdf  used 
on input line 1011.
(pdftex.def)             Requested size: 449.69948pt x 266.00525pt.
LaTeX Info: Redefining \. on input line 1037.
LaTeX Info: Redefining \% on input line 1037.
[29 <./_main_files/figure-latex/unnamed-chunk-15-1.pdf>]
<_main_files/figure-latex/unnamed-chunk-16-1.pdf, id=515, 449.68pt x 265.99374p
t>
File: _main_files/figure-latex/unnamed-chunk-16-1.pdf Graphic file (type pdf)
<use _main_files/figure-latex/unnamed-chunk-16-1.pdf>
Package pdftex.def Info: _main_files/figure-latex/unnamed-chunk-16-1.pdf  used 
on input line 1081.
(pdftex.def)             Requested size: 449.69948pt x 266.00525pt.
LaTeX Info: Redefining \. on input line 1081.
LaTeX Info: Redefining \% on input line 1081.
[30]
<_main_files/figure-latex/unnamed-chunk-17-1.pdf, id=522, 449.68pt x 265.99374p
t>
File: _main_files/figure-latex/unnamed-chunk-17-1.pdf Graphic file (type pdf)
<use _main_files/figure-latex/unnamed-chunk-17-1.pdf>
Package pdftex.def Info: _main_files/figure-latex/unnamed-chunk-17-1.pdf  used 
on input line 1085.
(pdftex.def)             Requested size: 449.69948pt x 266.00525pt.
LaTeX Info: Redefining \. on input line 1103.
LaTeX Info: Redefining \% on input line 1103.
[31 <./_main_files/figure-latex/unnamed-chunk-16-1.pdf> <./_main_files/figure-l
atex/unnamed-chunk-17-1.pdf

pdfTeX warning: pdflatex (file ./_main_files/figure-latex/unnamed-chunk-17-1.pd
f): PDF inclusion: multiple pdfs with page group included in a single page
>]
LaTeX Info: Redefining \. on input line 1159.
LaTeX Info: Redefining \% on input line 1159.
[32]
<_main_files/figure-latex/unnamed-chunk-18-1.pdf, id=580, 449.68pt x 265.99374p
t>
File: _main_files/figure-latex/unnamed-chunk-18-1.pdf Graphic file (type pdf)
<use _main_files/figure-latex/unnamed-chunk-18-1.pdf>
Package pdftex.def Info: _main_files/figure-latex/unnamed-chunk-18-1.pdf  used 
on input line 1167.
(pdftex.def)             Requested size: 449.69948pt x 266.00525pt.
pdfTeX warning (ext4): destination with the same identifier (name{ejemplo}) has
 been already used, duplicate ignored
<to be read again> 
                   \relax 
l.1188 \subsubsection*{Ejemplo}\label{ejemplo}}
                                               
LaTeX Info: Redefining \. on input line 1216.
LaTeX Info: Redefining \% on input line 1216.
[33 <./_main_files/figure-latex/unnamed-chunk-18-1.pdf>]
<_main_files/figure-latex/unnamed-chunk-19-1.pdf, id=613, 449.68pt x 265.99374p
t>
File: _main_files/figure-latex/unnamed-chunk-19-1.pdf Graphic file (type pdf)
<use _main_files/figure-latex/unnamed-chunk-19-1.pdf>
Package pdftex.def Info: _main_files/figure-latex/unnamed-chunk-19-1.pdf  used 
on input line 1259.
(pdftex.def)             Requested size: 449.69948pt x 266.00525pt.
LaTeX Info: Redefining \. on input line 1264.
LaTeX Info: Redefining \% on input line 1264.
[34 <./_main_files/figure-latex/unnamed-chunk-19-1.pdf>]
Underfull \hbox (badness 10000) in paragraph at lines 1272--1274
[]\T1/lmtt/m/n/10 pllogis(q, shape, rate = 1, scale = 1/rate, lower.tail = TRUE
, log.p = FALSE)\T1/lmr/m/n/10 (+20) :
 []


Underfull \hbox (badness 10000) in paragraph at lines 1274--1275
[]\T1/lmtt/m/n/10 qllogis(p, shape, rate = 1, scale = 1/rate, lower.tail = TRUE
, log.p = FALSE)\T1/lmr/m/n/10 (+20) :
 []

LaTeX Info: Redefining \. on input line 1323.
LaTeX Info: Redefining \% on input line 1323.
[35]
<_main_files/figure-latex/unnamed-chunk-20-1.pdf, id=655, 449.68pt x 265.99374p
t>
File: _main_files/figure-latex/unnamed-chunk-20-1.pdf Graphic file (type pdf)
<use _main_files/figure-latex/unnamed-chunk-20-1.pdf>
Package pdftex.def Info: _main_files/figure-latex/unnamed-chunk-20-1.pdf  used 
on input line 1338.
(pdftex.def)             Requested size: 449.69948pt x 266.00525pt.

Underfull \hbox (badness 10000) in paragraph at lines 1353--1354
[]\T1/lmtt/m/n/10 qgamma(p, shape, rate = 1, scale = 1/rate, lower.tail = TRUE,
 log.p = FALSE)\T1/lmr/m/n/10 (+20) :
 []

LaTeX Info: Redefining \. on input line 1369.
LaTeX Info: Redefining \% on input line 1369.
[36 <./_main_files/figure-latex/unnamed-chunk-20-1.pdf>]
Underfull \hbox (badness 10000) in paragraph at lines 1404--1405
[]\T1/lmtt/m/n/10 qggamma(p, shape, rate = 1, scale = 1/rate, lower.tail = TRUE
, log.p = FALSE)\T1/lmr/m/n/10 (+20) :
 []

pdfTeX warning (ext4): destination with the same identifier (name{ejemplo-1}) h
as been already used, duplicate ignored
<to be read again> 
                   \relax 
l.1410 \subsubsection*{Ejemplo}\label{ejemplo-1}}
                                                 
LaTeX Info: Redefining \. on input line 1442.
LaTeX Info: Redefining \% on input line 1442.
[37]
Cap\'{\i }tulo 6.
pdfTeX warning (ext4): destination with the same identifier (name{censura-por-l
a-derecha-tipo-i}) has been already used, duplicate ignored
<to be read again> 
                   \relax 
l.1484 ...I}\label{censura-por-la-derecha-tipo-i}}
                                                   [38

]pdfTeX warning (ext4): destination with the same identifier (name{censura-por-
la-derecha-tipo-ii}) has been already used, duplicate ignored
<to be read again> 
                   \relax 
l.1516 ...}\label{censura-por-la-derecha-tipo-ii}}
                                                  
LaTeX Info: Redefining \. on input line 1552.
LaTeX Info: Redefining \% on input line 1552.
[39]pdfTeX warning (ext4): destination with the same identifier (name{modelo-ex
ponencial}) has been already used, duplicate ignored
<to be read again> 
                   \relax 
l.1599 ... Exponencial}\label{modelo-exponencial}}
                                                  
LaTeX Info: Redefining \. on input line 1609.
LaTeX Info: Redefining \% on input line 1609.
[40]pdfTeX warning (ext4): destination with the same identifier (name{ejemplo})
 has been already used, duplicate ignored
<to be read again> 
                   \relax 
l.1641 \subsubsection*{Ejemplo}\label{ejemplo}}
                                               pdfTeX warning (ext4): destinati
on with the same identifier (name{modelo-weibull}) has been already used, dupli
cate ignored
<to be read again> 
                   \relax 
l.1697 ...*{Modelo Weibull}\label{modelo-weibull}}
                                                  
LaTeX Info: Redefining \. on input line 1705.
LaTeX Info: Redefining \% on input line 1705.
[41]
LaTeX Info: Redefining \. on input line 1766.
LaTeX Info: Redefining \% on input line 1766.
[42]
LaTeX Info: Redefining \. on input line 1770.
LaTeX Info: Redefining \% on input line 1770.
[43] [44

]
Cap\'{\i }tulo 7.
[45

]pdfTeX warning (ext4): destination with the same identifier (name{ejemplo}) ha
s been already used, duplicate ignored
<to be read again> 
                   \relax 
l.1869 \subsubsection*{Ejemplo}\label{ejemplo}}
                                               
LaTeX Info: Redefining \. on input line 1914.
LaTeX Info: Redefining \% on input line 1914.
[46]
<_main_files/figure-latex/survival-actuar-example-1.pdf, id=761, 459.7175pt x 2
79.0425pt>
File: _main_files/figure-latex/survival-actuar-example-1.pdf Graphic file (type
 pdf)
<use _main_files/figure-latex/survival-actuar-example-1.pdf>
Package pdftex.def Info: _main_files/figure-latex/survival-actuar-example-1.pdf
  used on input line 1942.
(pdftex.def)             Requested size: 452.99626pt x 274.96278pt.
LaTeX Info: Redefining \. on input line 1963.
LaTeX Info: Redefining \% on input line 1963.
[47]
LaTeX Info: Redefining \. on input line 2004.
LaTeX Info: Redefining \% on input line 2004.
[48pdfTeX warning (ext4): destination with the same identifier (name{figure.7.1
}) has been already used, duplicate ignored

\AtBegShi@Output ...ipout \box \AtBeginShipoutBox 
                                                  \fi \fi 
l.2004 \]
          <./_main_files/figure-latex/survival-actuar-example-1.pdf>]pdfTeX war
ning (ext4): destination with the same identifier (name{ejemplo-1}) has been al
ready used, duplicate ignored
<to be read again> 
                   \relax 
l.2037 \subsubsection*{Ejemplo}\label{ejemplo-1}}
                                                 
LaTeX Info: Redefining \. on input line 2074.
LaTeX Info: Redefining \% on input line 2074.
[49]
<_main_files/figure-latex/unnamed-chunk-25-1.pdf, id=791, 459.7175pt x 279.0425
pt>
File: _main_files/figure-latex/unnamed-chunk-25-1.pdf Graphic file (type pdf)
<use _main_files/figure-latex/unnamed-chunk-25-1.pdf>
Package pdftex.def Info: _main_files/figure-latex/unnamed-chunk-25-1.pdf  used 
on input line 2077.
(pdftex.def)             Requested size: 452.99626pt x 274.96278pt.
LaTeX Info: Redefining \. on input line 2096.
LaTeX Info: Redefining \% on input line 2096.
[50 <./_main_files/figure-latex/unnamed-chunk-25-1.pdf>]
Cap\'{\i }tulo 8.
[51

]pdfTeX warning (ext4): destination with the same identifier (name{ejercicio}) 
has been already used, duplicate ignored
<to be read again> 
                   \relax 
l.2185 ...subsection*{Ejercicio}\label{ejercicio}}
                                                  
LaTeX Info: Redefining \. on input line 2215.
LaTeX Info: Redefining \% on input line 2215.
[52]
<_main_files/figure-latex/unnamed-chunk-27-1.pdf, id=826, 459.7175pt x 279.0425
pt>
File: _main_files/figure-latex/unnamed-chunk-27-1.pdf Graphic file (type pdf)
<use _main_files/figure-latex/unnamed-chunk-27-1.pdf>
Package pdftex.def Info: _main_files/figure-latex/unnamed-chunk-27-1.pdf  used 
on input line 2218.
(pdftex.def)             Requested size: 452.99626pt x 274.96278pt.
LaTeX Info: Redefining \. on input line 2239.
LaTeX Info: Redefining \% on input line 2239.
[53 <./_main_files/figure-latex/unnamed-chunk-27-1.pdf>]pdfTeX warning (ext4): 
destination with the same identifier (name{ejemplo}) has been already used, dup
licate ignored
<to be read again> 
                   \relax 
l.2266 \subsubsection*{Ejemplo}\label{ejemplo}}
                                               
LaTeX Info: Redefining \. on input line 2302.
LaTeX Info: Redefining \% on input line 2302.
[54]
LaTeX Info: Redefining \. on input line 2364.
LaTeX Info: Redefining \% on input line 2364.
[55]pdfTeX warning (ext4): destination with the same identifier (name{ejemplo-1
}) has been already used, duplicate ignored
<to be read again> 
                   \relax 
l.2378 \subsubsection*{Ejemplo}\label{ejemplo-1}}
                                                 
<_main_files/figure-latex/unnamed-chunk-29-1.pdf, id=867, 459.7175pt x 279.0425
pt>
File: _main_files/figure-latex/unnamed-chunk-29-1.pdf Graphic file (type pdf)
<use _main_files/figure-latex/unnamed-chunk-29-1.pdf>
Package pdftex.def Info: _main_files/figure-latex/unnamed-chunk-29-1.pdf  used 
on input line 2389.
(pdftex.def)             Requested size: 452.99626pt x 274.96278pt.
LaTeX Info: Redefining \. on input line 2389.
LaTeX Info: Redefining \% on input line 2389.
[56]pdfTeX warning (ext4): destination with the same identifier (name{ejemplo-2
}) has been already used, duplicate ignored
<to be read again> 
                   \relax 
l.2405 \subsubsection*{Ejemplo}\label{ejemplo-2}}
                                                 
<_main_files/figure-latex/unnamed-chunk-30-1.pdf, id=878, 459.7175pt x 277.035p
t>
File: _main_files/figure-latex/unnamed-chunk-30-1.pdf Graphic file (type pdf)
<use _main_files/figure-latex/unnamed-chunk-30-1.pdf>
Package pdftex.def Info: _main_files/figure-latex/unnamed-chunk-30-1.pdf  used 
on input line 2410.
(pdftex.def)             Requested size: 452.99626pt x 272.98465pt.
LaTeX Info: Redefining \. on input line 2410.
LaTeX Info: Redefining \% on input line 2410.
[57 <./_main_files/figure-latex/unnamed-chunk-29-1.pdf>]
<_main_files/figure-latex/unnamed-chunk-31-1.pdf, id=903, 459.7175pt x 277.035p
t>
File: _main_files/figure-latex/unnamed-chunk-31-1.pdf Graphic file (type pdf)
<use _main_files/figure-latex/unnamed-chunk-31-1.pdf>
Package pdftex.def Info: _main_files/figure-latex/unnamed-chunk-31-1.pdf  used 
on input line 2421.
(pdftex.def)             Requested size: 452.99626pt x 272.98465pt.
LaTeX Info: Redefining \. on input line 2427.
LaTeX Info: Redefining \% on input line 2427.
[58 <./_main_files/figure-latex/unnamed-chunk-30-1.pdf> <./_main_files/figure-l
atex/unnamed-chunk-31-1.pdf

pdfTeX warning: pdflatex (file ./_main_files/figure-latex/unnamed-chunk-31-1.pd
f): PDF inclusion: multiple pdfs with page group included in a single page
>]pdfTeX warning (ext4): destination with the same identifier (name{modelo-expo
nencial}) has been already used, duplicate ignored
<to be read again> 
                   \relax 
l.2429 ... Exponencial}\label{modelo-exponencial}}
                                                  pdfTeX warning (ext4): destin
ation with the same identifier (name{ejemplo-3}) has been already used, duplica
te ignored
<to be read again> 
                   \relax 
l.2445 \subsubsection*{Ejemplo}\label{ejemplo-3}}
                                                 
<_main_files/figure-latex/unnamed-chunk-32-1.pdf, id=938, 459.7175pt x 277.035p
t>
File: _main_files/figure-latex/unnamed-chunk-32-1.pdf Graphic file (type pdf)
<use _main_files/figure-latex/unnamed-chunk-32-1.pdf>
Package pdftex.def Info: _main_files/figure-latex/unnamed-chunk-32-1.pdf  used 
on input line 2450.
(pdftex.def)             Requested size: 452.99626pt x 272.98465pt.
pdfTeX warning (ext4): destination with the same identifier (name{modelo-weibul
l}) has been already used, duplicate ignored
<to be read again> 
                   \relax 
l.2455 ...*{Modelo Weibull}\label{modelo-weibull}}
                                                  
LaTeX Info: Redefining \. on input line 2466.
LaTeX Info: Redefining \% on input line 2466.
[59 <./_main_files/figure-latex/unnamed-chunk-32-1.pdf>]pdfTeX warning (ext4): 
destination with the same identifier (name{modelo-log-loguxedstico}) has been a
lready used, duplicate ignored
<to be read again> 
                   \relax 
l.2475 ...stico}\label{modelo-log-loguxedstico}}
                                                  pdfTeX warning (ext4): destin
ation with the same identifier (name{modelo-log-normal}) has been already used,
 duplicate ignored
<to be read again> 
                   \relax 
l.2495 ...lo Log-Normal}\label{modelo-log-normal}}
                                                  
LaTeX Info: Redefining \. on input line 2503.
LaTeX Info: Redefining \% on input line 2503.
[60]
Cap\'{\i }tulo 9.
[61

]pdfTeX warning (ext4): destination with the same identifier (name{ejemplo}) ha
s been already used, duplicate ignored
<to be read again> 
                   \relax 
l.2552 \subsubsection*{Ejemplo}\label{ejemplo}}
                                               
LaTeX Info: Redefining \. on input line 2594.
LaTeX Info: Redefining \% on input line 2594.
[62]pdfTeX warning (ext4): destination with the same identifier (name{ejemplo-1
}) has been already used, duplicate ignored
<to be read again> 
                   \relax 
l.2640 \subsubsection*{Ejemplo}\label{ejemplo-1}}
                                                 
LaTeX Info: Redefining \. on input line 2661.
LaTeX Info: Redefining \% on input line 2661.
[63]
<_main_files/figure-latex/unnamed-chunk-35-1.pdf, id=985, 459.7175pt x 279.0425
pt>
File: _main_files/figure-latex/unnamed-chunk-35-1.pdf Graphic file (type pdf)
<use _main_files/figure-latex/unnamed-chunk-35-1.pdf>
Package pdftex.def Info: _main_files/figure-latex/unnamed-chunk-35-1.pdf  used 
on input line 2665.
(pdftex.def)             Requested size: 452.99626pt x 274.96278pt.
LaTeX Info: Redefining \. on input line 2702.
LaTeX Info: Redefining \% on input line 2702.
[64 <./_main_files/figure-latex/unnamed-chunk-35-1.pdf>]
LaTeX Info: Redefining \. on input line 2742.
LaTeX Info: Redefining \% on input line 2742.
[65]pdfTeX warning (ext4): destination with the same identifier (name{ejercicio
}) has been already used, duplicate ignored
<to be read again> 
                   \relax 
l.2759 ...subsection*{Ejercicio}\label{ejercicio}}
                                                  
LaTeX Info: Redefining \. on input line 2796.
LaTeX Info: Redefining \% on input line 2796.
[66] [67

]
Cap\'{\i }tulo 10.
[68

]
<_main_files/figure-latex/unnamed-chunk-37-1.pdf, id=1027, 448.67625pt x 266.99
75pt>
File: _main_files/figure-latex/unnamed-chunk-37-1.pdf Graphic file (type pdf)
<use _main_files/figure-latex/unnamed-chunk-37-1.pdf>
Package pdftex.def Info: _main_files/figure-latex/unnamed-chunk-37-1.pdf  used 
on input line 2887.
(pdftex.def)             Requested size: 448.68884pt x 267.00496pt.
LaTeX Info: Redefining \. on input line 2898.
LaTeX Info: Redefining \% on input line 2898.
[69 <./_main_files/figure-latex/unnamed-chunk-37-1.pdf>]
LaTeX Info: Redefining \. on input line 2967.
LaTeX Info: Redefining \% on input line 2967.
[70]pdfTeX warning (ext4): destination with the same identifier (name{ejemplo-1
}) has been already used, duplicate ignored
<to be read again> 
                   \relax 
l.3011 ...subsection*{Ejemplo 1}\label{ejemplo-1}}
                                                  
LaTeX Info: Redefining \. on input line 3039.
LaTeX Info: Redefining \% on input line 3039.
[71]pdfTeX warning (ext4): destination with the same identifier (name{ejemplo-2
}) has been already used, duplicate ignored
<to be read again> 
                   \relax 
l.3061 ...subsection*{Ejemplo 2}\label{ejemplo-2}}
                                                  
LaTeX Info: Redefining \. on input line 3116.
LaTeX Info: Redefining \% on input line 3116.
[72]
LaTeX Info: Redefining \. on input line 3191.
LaTeX Info: Redefining \% on input line 3191.
[73]
<_main_files/figure-latex/unnamed-chunk-38-1.pdf, id=1079, 460.72125pt x 277.03
5pt>
File: _main_files/figure-latex/unnamed-chunk-38-1.pdf Graphic file (type pdf)
<use _main_files/figure-latex/unnamed-chunk-38-1.pdf>
Package pdftex.def Info: _main_files/figure-latex/unnamed-chunk-38-1.pdf  used 
on input line 3233.
(pdftex.def)             Requested size: 452.96599pt x 272.3717pt.
LaTeX Info: Redefining \. on input line 3233.
LaTeX Info: Redefining \% on input line 3233.
[74]
LaTeX Font Info:    Try loading font information for TS1+lmr on input line 3259
.
(/usr/local/texlive/2018/texmf-dist/tex/latex/lm/ts1lmr.fd
File: ts1lmr.fd 2009/10/30 v1.6 Font defs for Latin Modern
)
LaTeX Info: Redefining \. on input line 3270.
LaTeX Info: Redefining \% on input line 3270.
[75 <./_main_files/figure-latex/unnamed-chunk-38-1.pdf>] (./_main.bbl
LaTeX Info: Redefining \. on input line 1.
LaTeX Info: Redefining \% on input line 1.
[76]) [77

]
Package atveryend Info: Empty hook `BeforeClearDocument' on input line 3301.
Package atveryend Info: Empty hook `AfterLastShipout' on input line 3301.
(./_main.aux
LaTeX Info: Redefining \. on input line 25.
LaTeX Info: Redefining \% on input line 25.
)
Package atveryend Info: Executing hook `AtVeryEndDocument' on input line 3301.
Package atveryend Info: Empty hook `AtEndAfterFileList' on input line 3301.

LaTeX Warning: There were multiply-defined labels.

Package atveryend Info: Empty hook `AtVeryVeryEnd' on input line 3301.
 ) 
Here is how much of TeX's memory you used:
 27486 strings out of 492649
 470157 string characters out of 6129622
 575863 words of memory out of 5000000
 30238 multiletter control sequences out of 15000+600000
 131337 words of font info for 203 fonts, out of 8000000 for 9000
 1141 hyphenation exceptions out of 8191
 55i,19n,54p,1765b,640s stack positions out of 5000i,500n,10000p,200000b,80000s
{/usr/local/texlive/2018/texmf-dist/fonts/enc/dvips/lm/lm-ts1.enc}{/usr/local
/texlive/2018/texmf-dist/fonts/enc/dvips/lm/lm-rm.enc}{/usr/local/texlive/2018/
texmf-dist/fonts/enc/dvips/lm/lm-ec.enc}{/usr/local/texlive/2018/texmf-dist/fon
ts/enc/dvips/lm/lm-mathit.enc}{/usr/local/texlive/2018/texmf-dist/fonts/enc/dvi
ps/lm/lm-mathsy.enc}{/usr/local/texlive/2018/texmf-dist/fonts/enc/dvips/lm/lm-m
athex.enc}</usr/local/texlive/2018/texmf-dist/fonts/type1/public/lm/lmbx10.pfb>
</usr/local/texlive/2018/texmf-dist/fonts/type1/public/lm/lmbx12.pfb></usr/loca
l/texlive/2018/texmf-dist/fonts/type1/public/lm/lmbx8.pfb></usr/local/texlive/2
018/texmf-dist/fonts/type1/public/lm/lmbxi10.pfb></usr/local/texlive/2018/texmf
-dist/fonts/type1/public/lm/lmex10.pfb></usr/local/texlive/2018/texmf-dist/font
s/type1/public/lm/lmmi10.pfb></usr/local/texlive/2018/texmf-dist/fonts/type1/pu
blic/lm/lmmi12.pfb></usr/local/texlive/2018/texmf-dist/fonts/type1/public/lm/lm
mi5.pfb></usr/local/texlive/2018/texmf-dist/fonts/type1/public/lm/lmmi6.pfb></u
sr/local/texlive/2018/texmf-dist/fonts/type1/public/lm/lmmi7.pfb></usr/local/te
xlive/2018/texmf-dist/fonts/type1/public/lm/lmmi8.pfb></usr/local/texlive/2018/
texmf-dist/fonts/type1/public/lm/lmr10.pfb></usr/local/texlive/2018/texmf-dist/
fonts/type1/public/lm/lmr12.pfb></usr/local/texlive/2018/texmf-dist/fonts/type1
/public/lm/lmr17.pfb></usr/local/texlive/2018/texmf-dist/fonts/type1/public/lm/
lmr5.pfb></usr/local/texlive/2018/texmf-dist/fonts/type1/public/lm/lmr6.pfb></u
sr/local/texlive/2018/texmf-dist/fonts/type1/public/lm/lmr7.pfb></usr/local/tex
live/2018/texmf-dist/fonts/type1/public/lm/lmr8.pfb></usr/local/texlive/2018/te
xmf-dist/fonts/type1/public/lm/lmri10.pfb></usr/local/texlive/2018/texmf-dist/f
onts/type1/public/lm/lmri8.pfb></usr/local/texlive/2018/texmf-dist/fonts/type1/
public/lm/lmro10.pfb></usr/local/texlive/2018/texmf-dist/fonts/type1/public/lm/
lmsy10.pfb></usr/local/texlive/2018/texmf-dist/fonts/type1/public/lm/lmsy5.pfb>
</usr/local/texlive/2018/texmf-dist/fonts/type1/public/lm/lmsy6.pfb></usr/local
/texlive/2018/texmf-dist/fonts/type1/public/lm/lmsy7.pfb></usr/local/texlive/20
18/texmf-dist/fonts/type1/public/lm/lmsy8.pfb></usr/local/texlive/2018/texmf-di
st/fonts/type1/public/lm/lmtt10.pfb></usr/local/texlive/2018/texmf-dist/fonts/t
ype1/public/amsfonts/symbols/msam10.pfb></usr/local/texlive/2018/texmf-dist/fon
ts/type1/public/amsfonts/symbols/msbm10.pfb></usr/local/texlive/2018/texmf-dist
/fonts/type1/public/rsfs/rsfs10.pfb>
Output written on _main.pdf (78 pages, 1007470 bytes).
PDF statistics:
 1500 PDF objects out of 1728 (max. 8388607)
 1257 compressed objects within 13 object streams
 347 named destinations out of 1000 (max. 500000)
 19085 words of extra memory for PDF output out of 20736 (max. 10000000)

